[ 2020-02-29T11:19:28+08:00 ]  
INFO: [ app_init ] --START--
INFO: Run Behavior\BuildLiteBehavior [ RunTime:0.000009s ]
INFO: [ app_init ] --END-- [ RunTime:0.000064s ]
NOTIC: [8] Undefined index: REQUEST_METHOD C:\phpstudy_pro\WWW\thinkphp\ThinkPHP\Library\Think\App.class.php 第 32 行.
NOTIC: [8] Undefined index: REQUEST_URI C:\phpstudy_pro\WWW\thinkphp\ThinkPHP\Library\Think\Dispatcher.class.php 第 141 行.
NOTIC: [2] Use of undefined constant _PHP_FILE_ - assumed '_PHP_FILE_' (this will throw an Error in a future version of PHP) C:\phpstudy_pro\WWW\thinkphp\ThinkPHP\Library\Think\Dispatcher.class.php 第 208 行.
INFO: [ app_begin ] --START--
INFO: Run Behavior\ReadHtmlCacheBehavior [ RunTime:0.000729s ]
INFO: [ app_begin ] --END-- [ RunTime:0.000753s ]
INFO: [ view_parse ] --START--
INFO: [ template_filter ] --START--
NOTIC: [2] Use of undefined constant __ROOT__ - assumed '__ROOT__' (this will throw an Error in a future version of PHP) C:\phpstudy_pro\WWW\thinkphp\ThinkPHP\Library\Behavior\ContentReplaceBehavior.class.php 第 35 行.
NOTIC: [2] Use of undefined constant __ROOT__ - assumed '__ROOT__' (this will throw an Error in a future version of PHP) C:\phpstudy_pro\WWW\thinkphp\ThinkPHP\Library\Behavior\ContentReplaceBehavior.class.php 第 42 行.
INFO: Run Behavior\ContentReplaceBehavior [ RunTime:0.000975s ]
INFO: [ template_filter ] --END-- [ RunTime:0.001013s ]
INFO: Run Behavior\ParseTemplateBehavior [ RunTime:0.018847s ]
INFO: [ view_parse ] --END-- [ RunTime:0.018880s ]
INFO: [ view_filter ] --START--
INFO: Run Behavior\WriteHtmlCacheBehavior [ RunTime:0.000472s ]
INFO: [ view_filter ] --END-- [ RunTime:0.000490s ]
INFO: [ app_end ] --START--
INFO: Run Behavior\ShowPageTraceBehavior [ RunTime:0.001139s ]
INFO: [ app_end ] --END-- [ RunTime:0.001186s ]

[ 2020-02-29T11:20:50+08:00 ]  
INFO: [ app_init ] --START--
INFO: Run Behavior\BuildLiteBehavior [ RunTime:0.000009s ]
INFO: [ app_init ] --END-- [ RunTime:0.000471s ]
NOTIC: [8] Undefined index: REQUEST_METHOD C:\phpstudy_pro\WWW\thinkphp\ThinkPHP\Library\Think\App.class.php 第 32 行.
NOTIC: [8] Undefined index: REQUEST_URI C:\phpstudy_pro\WWW\thinkphp\ThinkPHP\Library\Think\Dispatcher.class.php 第 141 行.
NOTIC: [2] Use of undefined constant _PHP_FILE_ - assumed '_PHP_FILE_' (this will throw an Error in a future version of PHP) C:\phpstudy_pro\WWW\thinkphp\ThinkPHP\Library\Think\Dispatcher.class.php 第 208 行.
INFO: [ app_begin ] --START--
INFO: Run Behavior\ReadHtmlCacheBehavior [ RunTime:0.000593s ]
INFO: [ app_begin ] --END-- [ RunTime:0.000615s ]
INFO: [ view_parse ] --START--
INFO: Run Behavior\ParseTemplateBehavior [ RunTime:0.000583s ]
INFO: [ view_parse ] --END-- [ RunTime:0.000605s ]
INFO: [ view_filter ] --START--
INFO: Run Behavior\WriteHtmlCacheBehavior [ RunTime:0.000402s ]
INFO: [ view_filter ] --END-- [ RunTime:0.000418s ]
INFO: [ app_end ] --START--
INFO: Run Behavior\ShowPageTraceBehavior [ RunTime:0.001709s ]
INFO: [ app_end ] --END-- [ RunTime:0.001756s ]

[ 2020-02-29T11:20:51+08:00 ]  
INFO: [ app_init ] --START--
INFO: Run Behavior\BuildLiteBehavior [ RunTime:0.000009s ]
INFO: [ app_init ] --END-- [ RunTime:0.000479s ]
NOTIC: [8] Undefined index: REQUEST_METHOD C:\phpstudy_pro\WWW\thinkphp\ThinkPHP\Library\Think\App.class.php 第 32 行.
NOTIC: [8] Undefined index: REQUEST_URI C:\phpstudy_pro\WWW\thinkphp\ThinkPHP\Library\Think\Dispatcher.class.php 第 141 行.
NOTIC: [2] Use of undefined constant _PHP_FILE_ - assumed '_PHP_FILE_' (this will throw an Error in a future version of PHP) C:\phpstudy_pro\WWW\thinkphp\ThinkPHP\Library\Think\Dispatcher.class.php 第 208 行.
INFO: [ app_begin ] --START--
INFO: Run Behavior\ReadHtmlCacheBehavior [ RunTime:0.000663s ]
INFO: [ app_begin ] --END-- [ RunTime:0.000711s ]
INFO: [ view_parse ] --START--
INFO: Run Behavior\ParseTemplateBehavior [ RunTime:0.001019s ]
INFO: [ view_parse ] --END-- [ RunTime:0.001061s ]
INFO: [ view_filter ] --START--
INFO: Run Behavior\WriteHtmlCacheBehavior [ RunTime:0.000597s ]
INFO: [ view_filter ] --END-- [ RunTime:0.000628s ]
INFO: [ app_end ] --START--
INFO: Run Behavior\ShowPageTraceBehavior [ RunTime:0.001631s ]
INFO: [ app_end ] --END-- [ RunTime:0.001689s ]

[ 2020-02-29T11:20:54+08:00 ]  
INFO: [ app_init ] --START--
INFO: Run Behavior\BuildLiteBehavior [ RunTime:0.000009s ]
INFO: [ app_init ] --END-- [ RunTime:0.000471s ]
NOTIC: [8] Undefined index: REQUEST_METHOD C:\phpstudy_pro\WWW\thinkphp\ThinkPHP\Library\Think\App.class.php 第 32 行.
NOTIC: [8] Undefined index: REQUEST_URI C:\phpstudy_pro\WWW\thinkphp\ThinkPHP\Library\Think\Dispatcher.class.php 第 141 行.
NOTIC: [2] Use of undefined constant _PHP_FILE_ - assumed '_PHP_FILE_' (this will throw an Error in a future version of PHP) C:\phpstudy_pro\WWW\thinkphp\ThinkPHP\Library\Think\Dispatcher.class.php 第 208 行.
INFO: [ app_begin ] --START--
INFO: Run Behavior\ReadHtmlCacheBehavior [ RunTime:0.000591s ]
INFO: [ app_begin ] --END-- [ RunTime:0.000615s ]
INFO: [ app_end ] --START--
INFO: Run Behavior\ShowPageTraceBehavior [ RunTime:0.001128s ]
INFO: [ app_end ] --END-- [ RunTime:0.001179s ]

[ 2020-02-29T11:20:56+08:00 ]  
INFO: [ app_init ] --START--
INFO: Run Behavior\BuildLiteBehavior [ RunTime:0.000009s ]
INFO: [ app_init ] --END-- [ RunTime:0.000494s ]
NOTIC: [8] Undefined index: REQUEST_METHOD C:\phpstudy_pro\WWW\thinkphp\ThinkPHP\Library\Think\App.class.php 第 32 行.
NOTIC: [8] Undefined index: REQUEST_URI C:\phpstudy_pro\WWW\thinkphp\ThinkPHP\Library\Think\Dispatcher.class.php 第 141 行.
NOTIC: [2] Use of undefined constant _PHP_FILE_ - assumed '_PHP_FILE_' (this will throw an Error in a future version of PHP) C:\phpstudy_pro\WWW\thinkphp\ThinkPHP\Library\Think\Dispatcher.class.php 第 208 行.
INFO: [ app_begin ] --START--
INFO: Run Behavior\ReadHtmlCacheBehavior [ RunTime:0.000618s ]
INFO: [ app_begin ] --END-- [ RunTime:0.000641s ]
INFO: [ app_end ] --START--
INFO: Run Behavior\ShowPageTraceBehavior [ RunTime:0.000699s ]
INFO: [ app_end ] --END-- [ RunTime:0.000723s ]

[ 2020-02-29T11:21:13+08:00 ]  
INFO: [ app_init ] --START--
INFO: Run Behavior\BuildLiteBehavior [ RunTime:0.000018s ]
INFO: [ app_init ] --END-- [ RunTime:0.002273s ]
NOTIC: [8] Undefined index: REQUEST_METHOD C:\phpstudy_pro\WWW\thinkphp\ThinkPHP\Library\Think\App.class.php 第 32 行.
NOTIC: [8] Undefined index: REQUEST_URI C:\phpstudy_pro\WWW\thinkphp\ThinkPHP\Library\Think\Dispatcher.class.php 第 141 行.
NOTIC: [2] Use of undefined constant _PHP_FILE_ - assumed '_PHP_FILE_' (this will throw an Error in a future version of PHP) C:\phpstudy_pro\WWW\thinkphp\ThinkPHP\Library\Think\Dispatcher.class.php 第 208 行.
INFO: [ app_begin ] --START--
INFO: Run Behavior\ReadHtmlCacheBehavior [ RunTime:0.000719s ]
INFO: [ app_begin ] --END-- [ RunTime:0.000756s ]
INFO: [ app_end ] --START--
INFO: Run Behavior\ShowPageTraceBehavior [ RunTime:0.001718s ]
INFO: [ app_end ] --END-- [ RunTime:0.001811s ]

[ 2020-02-29T11:21:14+08:00 ]  
INFO: [ app_init ] --START--
INFO: Run Behavior\BuildLiteBehavior [ RunTime:0.000012s ]
INFO: [ app_init ] --END-- [ RunTime:0.000624s ]
NOTIC: [8] Undefined index: REQUEST_METHOD C:\phpstudy_pro\WWW\thinkphp\ThinkPHP\Library\Think\App.class.php 第 32 行.
NOTIC: [8] Undefined index: REQUEST_URI C:\phpstudy_pro\WWW\thinkphp\ThinkPHP\Library\Think\Dispatcher.class.php 第 141 行.
NOTIC: [2] Use of undefined constant _PHP_FILE_ - assumed '_PHP_FILE_' (this will throw an Error in a future version of PHP) C:\phpstudy_pro\WWW\thinkphp\ThinkPHP\Library\Think\Dispatcher.class.php 第 208 行.
INFO: [ app_begin ] --START--
INFO: Run Behavior\ReadHtmlCacheBehavior [ RunTime:0.000743s ]
INFO: [ app_begin ] --END-- [ RunTime:0.000772s ]
INFO: [ app_end ] --START--
INFO: Run Behavior\ShowPageTraceBehavior [ RunTime:0.000779s ]
INFO: [ app_end ] --END-- [ RunTime:0.000807s ]

[ 2020-02-29T11:21:16+08:00 ]  
INFO: [ app_init ] --START--
INFO: Run Behavior\BuildLiteBehavior [ RunTime:0.000018s ]
INFO: [ app_init ] --END-- [ RunTime:0.000802s ]
NOTIC: [8] Undefined index: REQUEST_METHOD C:\phpstudy_pro\WWW\thinkphp\ThinkPHP\Library\Think\App.class.php 第 32 行.
NOTIC: [8] Undefined index: REQUEST_URI C:\phpstudy_pro\WWW\thinkphp\ThinkPHP\Library\Think\Dispatcher.class.php 第 141 行.
NOTIC: [2] Use of undefined constant _PHP_FILE_ - assumed '_PHP_FILE_' (this will throw an Error in a future version of PHP) C:\phpstudy_pro\WWW\thinkphp\ThinkPHP\Library\Think\Dispatcher.class.php 第 208 行.
INFO: [ app_begin ] --START--
INFO: Run Behavior\ReadHtmlCacheBehavior [ RunTime:0.005209s ]
INFO: [ app_begin ] --END-- [ RunTime:0.005427s ]
INFO: [ app_end ] --START--
INFO: Run Behavior\ShowPageTraceBehavior [ RunTime:0.000739s ]
INFO: [ app_end ] --END-- [ RunTime:0.000770s ]

[ 2020-02-29T11:21:17+08:00 ]  
INFO: [ app_init ] --START--
INFO: Run Behavior\BuildLiteBehavior [ RunTime:0.000009s ]
INFO: [ app_init ] --END-- [ RunTime:0.000509s ]
NOTIC: [8] Undefined index: REQUEST_METHOD C:\phpstudy_pro\WWW\thinkphp\ThinkPHP\Library\Think\App.class.php 第 32 行.
NOTIC: [8] Undefined index: REQUEST_URI C:\phpstudy_pro\WWW\thinkphp\ThinkPHP\Library\Think\Dispatcher.class.php 第 141 行.
NOTIC: [2] Use of undefined constant _PHP_FILE_ - assumed '_PHP_FILE_' (this will throw an Error in a future version of PHP) C:\phpstudy_pro\WWW\thinkphp\ThinkPHP\Library\Think\Dispatcher.class.php 第 208 行.
INFO: [ app_begin ] --START--
INFO: Run Behavior\ReadHtmlCacheBehavior [ RunTime:0.000737s ]
INFO: [ app_begin ] --END-- [ RunTime:0.000770s ]
INFO: [ app_end ] --START--
INFO: Run Behavior\ShowPageTraceBehavior [ RunTime:0.001297s ]
INFO: [ app_end ] --END-- [ RunTime:0.001372s ]

[ 2020-02-29T11:21:31+08:00 ]  
INFO: [ app_init ] --START--
INFO: Run Behavior\BuildLiteBehavior [ RunTime:0.000013s ]
INFO: [ app_init ] --END-- [ RunTime:0.000709s ]
NOTIC: [8] Undefined index: REQUEST_METHOD C:\phpstudy_pro\WWW\thinkphp\ThinkPHP\Library\Think\App.class.php 第 32 行.
NOTIC: [8] Undefined index: REQUEST_URI C:\phpstudy_pro\WWW\thinkphp\ThinkPHP\Library\Think\Dispatcher.class.php 第 141 行.
NOTIC: [2] Use of undefined constant _PHP_FILE_ - assumed '_PHP_FILE_' (this will throw an Error in a future version of PHP) C:\phpstudy_pro\WWW\thinkphp\ThinkPHP\Library\Think\Dispatcher.class.php 第 208 行.
INFO: [ app_begin ] --START--
INFO: Run Behavior\ReadHtmlCacheBehavior [ RunTime:0.000801s ]
INFO: [ app_begin ] --END-- [ RunTime:0.000832s ]
INFO: [ app_end ] --START--
INFO: Run Behavior\ShowPageTraceBehavior [ RunTime:0.000866s ]
INFO: [ app_end ] --END-- [ RunTime:0.000922s ]

[ 2020-02-29T11:21:32+08:00 ]  
INFO: [ app_init ] --START--
INFO: Run Behavior\BuildLiteBehavior [ RunTime:0.000067s ]
INFO: [ app_init ] --END-- [ RunTime:0.002139s ]
NOTIC: [8] Undefined index: REQUEST_METHOD C:\phpstudy_pro\WWW\thinkphp\ThinkPHP\Library\Think\App.class.php 第 32 行.
NOTIC: [8] Undefined index: REQUEST_URI C:\phpstudy_pro\WWW\thinkphp\ThinkPHP\Library\Think\Dispatcher.class.php 第 141 行.
NOTIC: [2] Use of undefined constant _PHP_FILE_ - assumed '_PHP_FILE_' (this will throw an Error in a future version of PHP) C:\phpstudy_pro\WWW\thinkphp\ThinkPHP\Library\Think\Dispatcher.class.php 第 208 行.
INFO: [ app_begin ] --START--
INFO: Run Behavior\ReadHtmlCacheBehavior [ RunTime:0.000836s ]
INFO: [ app_begin ] --END-- [ RunTime:0.000871s ]
INFO: [ app_end ] --START--
INFO: Run Behavior\ShowPageTraceBehavior [ RunTime:0.001167s ]
INFO: [ app_end ] --END-- [ RunTime:0.001218s ]

[ 2020-02-29T11:21:54+08:00 ]  
INFO: [ app_init ] --START--
INFO: Run Behavior\BuildLiteBehavior [ RunTime:0.000014s ]
INFO: [ app_init ] --END-- [ RunTime:0.001046s ]
NOTIC: [8] Undefined index: REQUEST_METHOD C:\phpstudy_pro\WWW\thinkphp\ThinkPHP\Library\Think\App.class.php 第 32 行.
NOTIC: [8] Undefined index: REQUEST_URI C:\phpstudy_pro\WWW\thinkphp\ThinkPHP\Library\Think\Dispatcher.class.php 第 141 行.
NOTIC: [2] Use of undefined constant _PHP_FILE_ - assumed '_PHP_FILE_' (this will throw an Error in a future version of PHP) C:\phpstudy_pro\WWW\thinkphp\ThinkPHP\Library\Think\Dispatcher.class.php 第 208 行.
INFO: [ app_begin ] --START--
INFO: Run Behavior\ReadHtmlCacheBehavior [ RunTime:0.000877s ]
INFO: [ app_begin ] --END-- [ RunTime:0.000915s ]

[ 2020-02-29T11:56:39+08:00 ]  
INFO: [ app_init ] --START--
INFO: Run Behavior\BuildLiteBehavior [ RunTime:0.000014s ]
INFO: [ app_init ] --END-- [ RunTime:0.004025s ]
NOTIC: [8] Undefined index: REQUEST_METHOD C:\phpstudy_pro\WWW\thinkphp\ThinkPHP\Library\Think\App.class.php 第 32 行.
NOTIC: [8] Undefined index: REQUEST_URI C:\phpstudy_pro\WWW\thinkphp\ThinkPHP\Library\Think\Dispatcher.class.php 第 141 行.
NOTIC: [2] Use of undefined constant _PHP_FILE_ - assumed '_PHP_FILE_' (this will throw an Error in a future version of PHP) C:\phpstudy_pro\WWW\thinkphp\ThinkPHP\Library\Think\Dispatcher.class.php 第 208 行.
INFO: [ app_begin ] --START--
INFO: Run Behavior\ReadHtmlCacheBehavior [ RunTime:0.001268s ]
INFO: [ app_begin ] --END-- [ RunTime:0.001300s ]
ERR: Class 'Home\Controller\tlbbController' not found

[ 2020-02-29T11:57:01+08:00 ]  
INFO: [ app_init ] --START--
INFO: Run Behavior\BuildLiteBehavior [ RunTime:0.000010s ]
INFO: [ app_init ] --END-- [ RunTime:0.000499s ]
NOTIC: [8] Undefined index: REQUEST_METHOD C:\phpstudy_pro\WWW\thinkphp\ThinkPHP\Library\Think\App.class.php 第 32 行.
NOTIC: [8] Undefined index: REQUEST_URI C:\phpstudy_pro\WWW\thinkphp\ThinkPHP\Library\Think\Dispatcher.class.php 第 141 行.
NOTIC: [2] Use of undefined constant _PHP_FILE_ - assumed '_PHP_FILE_' (this will throw an Error in a future version of PHP) C:\phpstudy_pro\WWW\thinkphp\ThinkPHP\Library\Think\Dispatcher.class.php 第 208 行.
INFO: [ app_begin ] --START--
INFO: Run Behavior\ReadHtmlCacheBehavior [ RunTime:0.000577s ]
INFO: [ app_begin ] --END-- [ RunTime:0.000601s ]
ERR: Class 'Home\Controller\tlbbController' not found

[ 2020-02-29T11:58:00+08:00 ]  
INFO: [ app_init ] --START--
INFO: Run Behavior\BuildLiteBehavior [ RunTime:0.000009s ]
INFO: [ app_init ] --END-- [ RunTime:0.000479s ]
NOTIC: [8] Undefined index: REQUEST_METHOD C:\phpstudy_pro\WWW\thinkphp\ThinkPHP\Library\Think\App.class.php 第 32 行.
NOTIC: [8] Undefined index: REQUEST_URI C:\phpstudy_pro\WWW\thinkphp\ThinkPHP\Library\Think\Dispatcher.class.php 第 141 行.
NOTIC: [2] Use of undefined constant _PHP_FILE_ - assumed '_PHP_FILE_' (this will throw an Error in a future version of PHP) C:\phpstudy_pro\WWW\thinkphp\ThinkPHP\Library\Think\Dispatcher.class.php 第 208 行.
INFO: [ app_begin ] --START--
INFO: Run Behavior\ReadHtmlCacheBehavior [ RunTime:0.000628s ]
INFO: [ app_begin ] --END-- [ RunTime:0.000666s ]
INFO: [ app_end ] --START--
INFO: Run Behavior\ShowPageTraceBehavior [ RunTime:0.002677s ]
INFO: [ app_end ] --END-- [ RunTime:0.002789s ]

[ 2020-02-29T11:58:19+08:00 ]  
INFO: [ app_init ] --START--
INFO: Run Behavior\BuildLiteBehavior [ RunTime:0.000014s ]
INFO: [ app_init ] --END-- [ RunTime:0.000710s ]
NOTIC: [8] Undefined index: REQUEST_METHOD C:\phpstudy_pro\WWW\thinkphp\ThinkPHP\Library\Think\App.class.php 第 32 行.
NOTIC: [8] Undefined index: REQUEST_URI C:\phpstudy_pro\WWW\thinkphp\ThinkPHP\Library\Think\Dispatcher.class.php 第 141 行.
NOTIC: [2] Use of undefined constant _PHP_FILE_ - assumed '_PHP_FILE_' (this will throw an Error in a future version of PHP) C:\phpstudy_pro\WWW\thinkphp\ThinkPHP\Library\Think\Dispatcher.class.php 第 208 行.
INFO: [ app_begin ] --START--
INFO: Run Behavior\ReadHtmlCacheBehavior [ RunTime:0.000637s ]
INFO: [ app_begin ] --END-- [ RunTime:0.000665s ]
INFO: [ app_end ] --START--
INFO: Run Behavior\ShowPageTraceBehavior [ RunTime:0.001627s ]
INFO: [ app_end ] --END-- [ RunTime:0.001700s ]

[ 2020-02-29T11:59:39+08:00 ]  
INFO: [ app_init ] --START--
INFO: Run Behavior\BuildLiteBehavior [ RunTime:0.000010s ]
INFO: [ app_init ] --END-- [ RunTime:0.000509s ]
NOTIC: [8] Undefined index: REQUEST_METHOD C:\phpstudy_pro\WWW\thinkphp\ThinkPHP\Library\Think\App.class.php 第 32 行.
NOTIC: [8] Undefined index: REQUEST_URI C:\phpstudy_pro\WWW\thinkphp\ThinkPHP\Library\Think\Dispatcher.class.php 第 141 行.
NOTIC: [2] Use of undefined constant _PHP_FILE_ - assumed '_PHP_FILE_' (this will throw an Error in a future version of PHP) C:\phpstudy_pro\WWW\thinkphp\ThinkPHP\Library\Think\Dispatcher.class.php 第 208 行.
INFO: [ app_begin ] --START--
INFO: Run Behavior\ReadHtmlCacheBehavior [ RunTime:0.001985s ]
INFO: [ app_begin ] --END-- [ RunTime:0.002048s ]

[ 2020-02-29T11:59:57+08:00 ]  
INFO: [ app_init ] --START--
INFO: Run Behavior\BuildLiteBehavior [ RunTime:0.000013s ]
INFO: [ app_init ] --END-- [ RunTime:0.000684s ]
NOTIC: [8] Undefined index: REQUEST_METHOD C:\phpstudy_pro\WWW\thinkphp\ThinkPHP\Library\Think\App.class.php 第 32 行.
NOTIC: [8] Undefined index: REQUEST_URI C:\phpstudy_pro\WWW\thinkphp\ThinkPHP\Library\Think\Dispatcher.class.php 第 141 行.
NOTIC: [2] Use of undefined constant _PHP_FILE_ - assumed '_PHP_FILE_' (this will throw an Error in a future version of PHP) C:\phpstudy_pro\WWW\thinkphp\ThinkPHP\Library\Think\Dispatcher.class.php 第 208 行.
INFO: [ app_begin ] --START--
INFO: Run Behavior\ReadHtmlCacheBehavior [ RunTime:0.001358s ]
INFO: [ app_begin ] --END-- [ RunTime:0.001449s ]

[ 2020-02-29T11:59:59+08:00 ]  
INFO: [ app_init ] --START--
INFO: Run Behavior\BuildLiteBehavior [ RunTime:0.000015s ]
INFO: [ app_init ] --END-- [ RunTime:0.001113s ]
NOTIC: [8] Undefined index: REQUEST_METHOD C:\phpstudy_pro\WWW\thinkphp\ThinkPHP\Library\Think\App.class.php 第 32 行.
NOTIC: [8] Undefined index: REQUEST_URI C:\phpstudy_pro\WWW\thinkphp\ThinkPHP\Library\Think\Dispatcher.class.php 第 141 行.
NOTIC: [2] Use of undefined constant _PHP_FILE_ - assumed '_PHP_FILE_' (this will throw an Error in a future version of PHP) C:\phpstudy_pro\WWW\thinkphp\ThinkPHP\Library\Think\Dispatcher.class.php 第 208 行.
INFO: [ app_begin ] --START--
INFO: Run Behavior\ReadHtmlCacheBehavior [ RunTime:0.000788s ]
INFO: [ app_begin ] --END-- [ RunTime:0.000811s ]

[ 2020-02-29T12:00:54+08:00 ]  
INFO: [ app_init ] --START--
INFO: Run Behavior\BuildLiteBehavior [ RunTime:0.000009s ]
INFO: [ app_init ] --END-- [ RunTime:0.000504s ]
NOTIC: [8] Undefined index: REQUEST_METHOD C:\phpstudy_pro\WWW\thinkphp\ThinkPHP\Library\Think\App.class.php 第 32 行.
NOTIC: [8] Undefined index: REQUEST_URI C:\phpstudy_pro\WWW\thinkphp\ThinkPHP\Library\Think\Dispatcher.class.php 第 141 行.
NOTIC: [2] Use of undefined constant _PHP_FILE_ - assumed '_PHP_FILE_' (this will throw an Error in a future version of PHP) C:\phpstudy_pro\WWW\thinkphp\ThinkPHP\Library\Think\Dispatcher.class.php 第 208 行.
INFO: [ app_begin ] --START--
INFO: Run Behavior\ReadHtmlCacheBehavior [ RunTime:0.000761s ]
INFO: [ app_begin ] --END-- [ RunTime:0.000794s ]

[ 2020-02-29T12:03:11+08:00 ]  
INFO: [ app_init ] --START--
INFO: Run Behavior\BuildLiteBehavior [ RunTime:0.000013s ]
INFO: [ app_init ] --END-- [ RunTime:0.000646s ]
NOTIC: [8] Undefined index: REQUEST_METHOD C:\phpstudy_pro\WWW\thinkphp\ThinkPHP\Library\Think\App.class.php 第 32 行.
NOTIC: [8] Undefined index: REQUEST_URI C:\phpstudy_pro\WWW\thinkphp\ThinkPHP\Library\Think\Dispatcher.class.php 第 141 行.
NOTIC: [2] Use of undefined constant _PHP_FILE_ - assumed '_PHP_FILE_' (this will throw an Error in a future version of PHP) C:\phpstudy_pro\WWW\thinkphp\ThinkPHP\Library\Think\Dispatcher.class.php 第 208 行.
INFO: [ app_begin ] --START--
INFO: Run Behavior\ReadHtmlCacheBehavior [ RunTime:0.001063s ]
INFO: [ app_begin ] --END-- [ RunTime:0.001110s ]

[ 2020-02-29T12:03:14+08:00 ]  
INFO: [ app_init ] --START--
INFO: Run Behavior\BuildLiteBehavior [ RunTime:0.000011s ]
INFO: [ app_init ] --END-- [ RunTime:0.000638s ]
NOTIC: [8] Undefined index: REQUEST_METHOD C:\phpstudy_pro\WWW\thinkphp\ThinkPHP\Library\Think\App.class.php 第 32 行.
NOTIC: [8] Undefined index: REQUEST_URI C:\phpstudy_pro\WWW\thinkphp\ThinkPHP\Library\Think\Dispatcher.class.php 第 141 行.
NOTIC: [2] Use of undefined constant _PHP_FILE_ - assumed '_PHP_FILE_' (this will throw an Error in a future version of PHP) C:\phpstudy_pro\WWW\thinkphp\ThinkPHP\Library\Think\Dispatcher.class.php 第 208 行.
INFO: [ app_begin ] --START--
INFO: Run Behavior\ReadHtmlCacheBehavior [ RunTime:0.000632s ]
INFO: [ app_begin ] --END-- [ RunTime:0.000659s ]

[ 2020-02-29T12:04:49+08:00 ]  
INFO: [ app_init ] --START--
INFO: Run Behavior\BuildLiteBehavior [ RunTime:0.000008s ]
INFO: [ app_init ] --END-- [ RunTime:0.000421s ]
NOTIC: [8] Undefined index: REQUEST_METHOD C:\phpstudy_pro\WWW\thinkphp\ThinkPHP\Library\Think\App.class.php 第 32 行.
NOTIC: [8] Undefined index: REQUEST_URI C:\phpstudy_pro\WWW\thinkphp\ThinkPHP\Library\Think\Dispatcher.class.php 第 141 行.
NOTIC: [2] Use of undefined constant _PHP_FILE_ - assumed '_PHP_FILE_' (this will throw an Error in a future version of PHP) C:\phpstudy_pro\WWW\thinkphp\ThinkPHP\Library\Think\Dispatcher.class.php 第 208 行.
INFO: [ app_begin ] --START--
INFO: Run Behavior\ReadHtmlCacheBehavior [ RunTime:0.000529s ]
INFO: [ app_begin ] --END-- [ RunTime:0.000551s ]
INFO: [ app_end ] --START--
INFO: Run Behavior\ShowPageTraceBehavior [ RunTime:0.002432s ]
INFO: [ app_end ] --END-- [ RunTime:0.002491s ]

[ 2020-02-29T12:06:26+08:00 ]  
INFO: [ app_init ] --START--
INFO: Run Behavior\BuildLiteBehavior [ RunTime:0.000012s ]
INFO: [ app_init ] --END-- [ RunTime:0.000663s ]
NOTIC: [8] Undefined index: REQUEST_METHOD C:\phpstudy_pro\WWW\thinkphp\ThinkPHP\Library\Think\App.class.php 第 32 行.
NOTIC: [8] Undefined index: REQUEST_URI C:\phpstudy_pro\WWW\thinkphp\ThinkPHP\Library\Think\Dispatcher.class.php 第 141 行.
NOTIC: [2] Use of undefined constant _PHP_FILE_ - assumed '_PHP_FILE_' (this will throw an Error in a future version of PHP) C:\phpstudy_pro\WWW\thinkphp\ThinkPHP\Library\Think\Dispatcher.class.php 第 208 行.
INFO: [ app_begin ] --START--
INFO: Run Behavior\ReadHtmlCacheBehavior [ RunTime:0.002459s ]
INFO: [ app_begin ] --END-- [ RunTime:0.002586s ]
INFO: [ app_end ] --START--
INFO: Run Behavior\ShowPageTraceBehavior [ RunTime:0.001430s ]
INFO: [ app_end ] --END-- [ RunTime:0.001500s ]

[ 2020-02-29T12:06:27+08:00 ]  
INFO: [ app_init ] --START--
INFO: Run Behavior\BuildLiteBehavior [ RunTime:0.000011s ]
INFO: [ app_init ] --END-- [ RunTime:0.000571s ]
NOTIC: [8] Undefined index: REQUEST_METHOD C:\phpstudy_pro\WWW\thinkphp\ThinkPHP\Library\Think\App.class.php 第 32 行.
NOTIC: [8] Undefined index: REQUEST_URI C:\phpstudy_pro\WWW\thinkphp\ThinkPHP\Library\Think\Dispatcher.class.php 第 141 行.
NOTIC: [2] Use of undefined constant _PHP_FILE_ - assumed '_PHP_FILE_' (this will throw an Error in a future version of PHP) C:\phpstudy_pro\WWW\thinkphp\ThinkPHP\Library\Think\Dispatcher.class.php 第 208 行.
INFO: [ app_begin ] --START--
INFO: Run Behavior\ReadHtmlCacheBehavior [ RunTime:0.000606s ]
INFO: [ app_begin ] --END-- [ RunTime:0.000629s ]
INFO: [ app_end ] --START--
INFO: Run Behavior\ShowPageTraceBehavior [ RunTime:0.001414s ]
INFO: [ app_end ] --END-- [ RunTime:0.001476s ]

[ 2020-02-29T12:06:31+08:00 ]  
INFO: [ app_init ] --START--
INFO: Run Behavior\BuildLiteBehavior [ RunTime:0.000016s ]
INFO: [ app_init ] --END-- [ RunTime:0.000780s ]
NOTIC: [8] Undefined index: REQUEST_METHOD C:\phpstudy_pro\WWW\thinkphp\ThinkPHP\Library\Think\App.class.php 第 32 行.
NOTIC: [8] Undefined index: REQUEST_URI C:\phpstudy_pro\WWW\thinkphp\ThinkPHP\Library\Think\Dispatcher.class.php 第 141 行.
NOTIC: [2] Use of undefined constant _PHP_FILE_ - assumed '_PHP_FILE_' (this will throw an Error in a future version of PHP) C:\phpstudy_pro\WWW\thinkphp\ThinkPHP\Library\Think\Dispatcher.class.php 第 208 行.
INFO: [ app_begin ] --START--
INFO: Run Behavior\ReadHtmlCacheBehavior [ RunTime:0.000656s ]
INFO: [ app_begin ] --END-- [ RunTime:0.000685s ]
INFO: [ app_end ] --START--
INFO: Run Behavior\ShowPageTraceBehavior [ RunTime:0.001396s ]
INFO: [ app_end ] --END-- [ RunTime:0.001485s ]

[ 2020-02-29T12:06:39+08:00 ]  
INFO: [ app_init ] --START--
INFO: Run Behavior\BuildLiteBehavior [ RunTime:0.000011s ]
INFO: [ app_init ] --END-- [ RunTime:0.000637s ]
NOTIC: [8] Undefined index: REQUEST_METHOD C:\phpstudy_pro\WWW\thinkphp\ThinkPHP\Library\Think\App.class.php 第 32 行.
NOTIC: [8] Undefined index: REQUEST_URI C:\phpstudy_pro\WWW\thinkphp\ThinkPHP\Library\Think\Dispatcher.class.php 第 141 行.
NOTIC: [2] Use of undefined constant _PHP_FILE_ - assumed '_PHP_FILE_' (this will throw an Error in a future version of PHP) C:\phpstudy_pro\WWW\thinkphp\ThinkPHP\Library\Think\Dispatcher.class.php 第 208 行.
INFO: [ app_begin ] --START--
INFO: Run Behavior\ReadHtmlCacheBehavior [ RunTime:0.000695s ]
INFO: [ app_begin ] --END-- [ RunTime:0.000728s ]
INFO: [ app_end ] --START--
INFO: Run Behavior\ShowPageTraceBehavior [ RunTime:0.001354s ]
INFO: [ app_end ] --END-- [ RunTime:0.001440s ]

[ 2020-02-29T12:06:42+08:00 ]  
INFO: [ app_init ] --START--
INFO: Run Behavior\BuildLiteBehavior [ RunTime:0.000010s ]
INFO: [ app_init ] --END-- [ RunTime:0.000530s ]
NOTIC: [8] Undefined index: REQUEST_METHOD C:\phpstudy_pro\WWW\thinkphp\ThinkPHP\Library\Think\App.class.php 第 32 行.
NOTIC: [8] Undefined index: REQUEST_URI C:\phpstudy_pro\WWW\thinkphp\ThinkPHP\Library\Think\Dispatcher.class.php 第 141 行.
NOTIC: [2] Use of undefined constant _PHP_FILE_ - assumed '_PHP_FILE_' (this will throw an Error in a future version of PHP) C:\phpstudy_pro\WWW\thinkphp\ThinkPHP\Library\Think\Dispatcher.class.php 第 208 行.
INFO: [ app_begin ] --START--
INFO: Run Behavior\ReadHtmlCacheBehavior [ RunTime:0.000607s ]
INFO: [ app_begin ] --END-- [ RunTime:0.000629s ]
INFO: [ app_end ] --START--
INFO: Run Behavior\ShowPageTraceBehavior [ RunTime:0.001614s ]
INFO: [ app_end ] --END-- [ RunTime:0.001684s ]

[ 2020-02-29T12:07:07+08:00 ]  
INFO: [ app_init ] --START--
INFO: Run Behavior\BuildLiteBehavior [ RunTime:0.000016s ]
INFO: [ app_init ] --END-- [ RunTime:0.001614s ]
NOTIC: [8] Undefined index: REQUEST_METHOD C:\phpstudy_pro\WWW\thinkphp\ThinkPHP\Library\Think\App.class.php 第 32 行.
NOTIC: [8] Undefined index: REQUEST_URI C:\phpstudy_pro\WWW\thinkphp\ThinkPHP\Library\Think\Dispatcher.class.php 第 141 行.
NOTIC: [2] Use of undefined constant _PHP_FILE_ - assumed '_PHP_FILE_' (this will throw an Error in a future version of PHP) C:\phpstudy_pro\WWW\thinkphp\ThinkPHP\Library\Think\Dispatcher.class.php 第 208 行.
INFO: [ app_begin ] --START--
INFO: Run Behavior\ReadHtmlCacheBehavior [ RunTime:0.000647s ]
INFO: [ app_begin ] --END-- [ RunTime:0.000672s ]

[ 2020-02-29T12:07:09+08:00 ]  
INFO: [ app_init ] --START--
INFO: Run Behavior\BuildLiteBehavior [ RunTime:0.000013s ]
INFO: [ app_init ] --END-- [ RunTime:0.000698s ]
NOTIC: [8] Undefined index: REQUEST_METHOD C:\phpstudy_pro\WWW\thinkphp\ThinkPHP\Library\Think\App.class.php 第 32 行.
NOTIC: [8] Undefined index: REQUEST_URI C:\phpstudy_pro\WWW\thinkphp\ThinkPHP\Library\Think\Dispatcher.class.php 第 141 行.
NOTIC: [2] Use of undefined constant _PHP_FILE_ - assumed '_PHP_FILE_' (this will throw an Error in a future version of PHP) C:\phpstudy_pro\WWW\thinkphp\ThinkPHP\Library\Think\Dispatcher.class.php 第 208 行.
INFO: [ app_begin ] --START--
INFO: Run Behavior\ReadHtmlCacheBehavior [ RunTime:0.000788s ]
INFO: [ app_begin ] --END-- [ RunTime:0.000821s ]

[ 2020-02-29T12:07:12+08:00 ]  
INFO: [ app_init ] --START--
INFO: Run Behavior\BuildLiteBehavior [ RunTime:0.000014s ]
INFO: [ app_init ] --END-- [ RunTime:0.001408s ]
NOTIC: [8] Undefined index: REQUEST_METHOD C:\phpstudy_pro\WWW\thinkphp\ThinkPHP\Library\Think\App.class.php 第 32 行.
NOTIC: [8] Undefined index: REQUEST_URI C:\phpstudy_pro\WWW\thinkphp\ThinkPHP\Library\Think\Dispatcher.class.php 第 141 行.
NOTIC: [2] Use of undefined constant _PHP_FILE_ - assumed '_PHP_FILE_' (this will throw an Error in a future version of PHP) C:\phpstudy_pro\WWW\thinkphp\ThinkPHP\Library\Think\Dispatcher.class.php 第 208 行.
INFO: [ app_begin ] --START--
INFO: Run Behavior\ReadHtmlCacheBehavior [ RunTime:0.001056s ]
INFO: [ app_begin ] --END-- [ RunTime:0.001109s ]

[ 2020-02-29T12:07:36+08:00 ]  
INFO: [ app_init ] --START--
INFO: Run Behavior\BuildLiteBehavior [ RunTime:0.000011s ]
INFO: [ app_init ] --END-- [ RunTime:0.000557s ]
NOTIC: [8] Undefined index: REQUEST_METHOD C:\phpstudy_pro\WWW\thinkphp\ThinkPHP\Library\Think\App.class.php 第 32 行.
NOTIC: [8] Undefined index: REQUEST_URI C:\phpstudy_pro\WWW\thinkphp\ThinkPHP\Library\Think\Dispatcher.class.php 第 141 行.
NOTIC: [2] Use of undefined constant _PHP_FILE_ - assumed '_PHP_FILE_' (this will throw an Error in a future version of PHP) C:\phpstudy_pro\WWW\thinkphp\ThinkPHP\Library\Think\Dispatcher.class.php 第 208 行.
INFO: [ app_begin ] --START--
INFO: Run Behavior\ReadHtmlCacheBehavior [ RunTime:0.000782s ]
INFO: [ app_begin ] --END-- [ RunTime:0.000814s ]

[ 2020-02-29T12:07:41+08:00 ]  
INFO: [ app_init ] --START--
INFO: Run Behavior\BuildLiteBehavior [ RunTime:0.000010s ]
INFO: [ app_init ] --END-- [ RunTime:0.000505s ]
NOTIC: [8] Undefined index: REQUEST_METHOD C:\phpstudy_pro\WWW\thinkphp\ThinkPHP\Library\Think\App.class.php 第 32 行.
NOTIC: [8] Undefined index: REQUEST_URI C:\phpstudy_pro\WWW\thinkphp\ThinkPHP\Library\Think\Dispatcher.class.php 第 141 行.
NOTIC: [2] Use of undefined constant _PHP_FILE_ - assumed '_PHP_FILE_' (this will throw an Error in a future version of PHP) C:\phpstudy_pro\WWW\thinkphp\ThinkPHP\Library\Think\Dispatcher.class.php 第 208 行.
INFO: [ app_begin ] --START--
INFO: Run Behavior\ReadHtmlCacheBehavior [ RunTime:0.000615s ]
INFO: [ app_begin ] --END-- [ RunTime:0.000638s ]

[ 2020-02-29T12:08:47+08:00 ]  
INFO: [ app_init ] --START--
INFO: Run Behavior\BuildLiteBehavior [ RunTime:0.000011s ]
INFO: [ app_init ] --END-- [ RunTime:0.000640s ]
NOTIC: [8] Undefined index: REQUEST_METHOD C:\phpstudy_pro\WWW\thinkphp\ThinkPHP\Library\Think\App.class.php 第 32 行.
NOTIC: [8] Undefined index: REQUEST_URI C:\phpstudy_pro\WWW\thinkphp\ThinkPHP\Library\Think\Dispatcher.class.php 第 141 行.
NOTIC: [2] Use of undefined constant _PHP_FILE_ - assumed '_PHP_FILE_' (this will throw an Error in a future version of PHP) C:\phpstudy_pro\WWW\thinkphp\ThinkPHP\Library\Think\Dispatcher.class.php 第 208 行.
INFO: [ app_begin ] --START--
INFO: Run Behavior\ReadHtmlCacheBehavior [ RunTime:0.000730s ]
INFO: [ app_begin ] --END-- [ RunTime:0.000759s ]
INFO: [ app_end ] --START--
INFO: Run Behavior\ShowPageTraceBehavior [ RunTime:0.001482s ]
INFO: [ app_end ] --END-- [ RunTime:0.001566s ]

[ 2020-02-29T12:09:02+08:00 ]  
INFO: [ app_init ] --START--
INFO: Run Behavior\BuildLiteBehavior [ RunTime:0.000043s ]
INFO: [ app_init ] --END-- [ RunTime:0.001597s ]
NOTIC: [8] Undefined index: REQUEST_METHOD C:\phpstudy_pro\WWW\thinkphp\ThinkPHP\Library\Think\App.class.php 第 32 行.
NOTIC: [8] Undefined index: REQUEST_URI C:\phpstudy_pro\WWW\thinkphp\ThinkPHP\Library\Think\Dispatcher.class.php 第 141 行.
NOTIC: [2] Use of undefined constant _PHP_FILE_ - assumed '_PHP_FILE_' (this will throw an Error in a future version of PHP) C:\phpstudy_pro\WWW\thinkphp\ThinkPHP\Library\Think\Dispatcher.class.php 第 208 行.
INFO: [ app_begin ] --START--
INFO: Run Behavior\ReadHtmlCacheBehavior [ RunTime:0.000770s ]
INFO: [ app_begin ] --END-- [ RunTime:0.000802s ]
INFO: [ app_end ] --START--
INFO: Run Behavior\ShowPageTraceBehavior [ RunTime:0.001337s ]
INFO: [ app_end ] --END-- [ RunTime:0.001396s ]

[ 2020-02-29T12:09:22+08:00 ]  
INFO: [ app_init ] --START--
INFO: Run Behavior\BuildLiteBehavior [ RunTime:0.000010s ]
INFO: [ app_init ] --END-- [ RunTime:0.000589s ]
NOTIC: [8] Undefined index: REQUEST_METHOD C:\phpstudy_pro\WWW\thinkphp\ThinkPHP\Library\Think\App.class.php 第 32 行.
NOTIC: [8] Undefined index: REQUEST_URI C:\phpstudy_pro\WWW\thinkphp\ThinkPHP\Library\Think\Dispatcher.class.php 第 141 行.
NOTIC: [2] Use of undefined constant _PHP_FILE_ - assumed '_PHP_FILE_' (this will throw an Error in a future version of PHP) C:\phpstudy_pro\WWW\thinkphp\ThinkPHP\Library\Think\Dispatcher.class.php 第 208 行.
INFO: [ app_begin ] --START--
INFO: Run Behavior\ReadHtmlCacheBehavior [ RunTime:0.000842s ]
INFO: [ app_begin ] --END-- [ RunTime:0.000877s ]
INFO: [ app_end ] --START--
INFO: Run Behavior\ShowPageTraceBehavior [ RunTime:0.001008s ]
INFO: [ app_end ] --END-- [ RunTime:0.001048s ]

[ 2020-02-29T12:10:36+08:00 ]  
INFO: [ app_init ] --START--
INFO: Run Behavior\BuildLiteBehavior [ RunTime:0.000010s ]
INFO: [ app_init ] --END-- [ RunTime:0.000520s ]
NOTIC: [8] Undefined index: REQUEST_METHOD C:\phpstudy_pro\WWW\thinkphp\ThinkPHP\Library\Think\App.class.php 第 32 行.
NOTIC: [8] Undefined index: REQUEST_URI C:\phpstudy_pro\WWW\thinkphp\ThinkPHP\Library\Think\Dispatcher.class.php 第 141 行.
NOTIC: [2] Use of undefined constant _PHP_FILE_ - assumed '_PHP_FILE_' (this will throw an Error in a future version of PHP) C:\phpstudy_pro\WWW\thinkphp\ThinkPHP\Library\Think\Dispatcher.class.php 第 208 行.
INFO: [ app_begin ] --START--
INFO: Run Behavior\ReadHtmlCacheBehavior [ RunTime:0.000608s ]
INFO: [ app_begin ] --END-- [ RunTime:0.000632s ]
INFO: [ app_end ] --START--
INFO: Run Behavior\ShowPageTraceBehavior [ RunTime:0.001016s ]
INFO: [ app_end ] --END-- [ RunTime:0.001060s ]

[ 2020-02-29T12:10:41+08:00 ]  
INFO: [ app_init ] --START--
INFO: Run Behavior\BuildLiteBehavior [ RunTime:0.000013s ]
INFO: [ app_init ] --END-- [ RunTime:0.000759s ]
NOTIC: [8] Undefined index: REQUEST_METHOD C:\phpstudy_pro\WWW\thinkphp\ThinkPHP\Library\Think\App.class.php 第 32 行.
NOTIC: [8] Undefined index: REQUEST_URI C:\phpstudy_pro\WWW\thinkphp\ThinkPHP\Library\Think\Dispatcher.class.php 第 141 行.
NOTIC: [2] Use of undefined constant _PHP_FILE_ - assumed '_PHP_FILE_' (this will throw an Error in a future version of PHP) C:\phpstudy_pro\WWW\thinkphp\ThinkPHP\Library\Think\Dispatcher.class.php 第 208 行.
INFO: [ app_begin ] --START--
INFO: Run Behavior\ReadHtmlCacheBehavior [ RunTime:0.000852s ]
INFO: [ app_begin ] --END-- [ RunTime:0.000885s ]
INFO: [ app_end ] --START--
INFO: Run Behavior\ShowPageTraceBehavior [ RunTime:0.001165s ]
INFO: [ app_end ] --END-- [ RunTime:0.001210s ]

[ 2020-02-29T12:10:59+08:00 ]  
INFO: [ app_init ] --START--
INFO: Run Behavior\BuildLiteBehavior [ RunTime:0.000009s ]
INFO: [ app_init ] --END-- [ RunTime:0.000484s ]
NOTIC: [8] Undefined index: REQUEST_METHOD C:\phpstudy_pro\WWW\thinkphp\ThinkPHP\Library\Think\App.class.php 第 32 行.
NOTIC: [8] Undefined index: REQUEST_URI C:\phpstudy_pro\WWW\thinkphp\ThinkPHP\Library\Think\Dispatcher.class.php 第 141 行.
NOTIC: [2] Use of undefined constant _PHP_FILE_ - assumed '_PHP_FILE_' (this will throw an Error in a future version of PHP) C:\phpstudy_pro\WWW\thinkphp\ThinkPHP\Library\Think\Dispatcher.class.php 第 208 行.
INFO: [ app_begin ] --START--
INFO: Run Behavior\ReadHtmlCacheBehavior [ RunTime:0.000879s ]
INFO: [ app_begin ] --END-- [ RunTime:0.000918s ]
INFO: [ app_end ] --START--
INFO: Run Behavior\ShowPageTraceBehavior [ RunTime:0.001235s ]
INFO: [ app_end ] --END-- [ RunTime:0.001299s ]

[ 2020-02-29T12:12:02+08:00 ]  
INFO: [ app_init ] --START--
INFO: Run Behavior\BuildLiteBehavior [ RunTime:0.000011s ]
INFO: [ app_init ] --END-- [ RunTime:0.000913s ]
NOTIC: [8] Undefined index: REQUEST_METHOD C:\phpstudy_pro\WWW\thinkphp\ThinkPHP\Library\Think\App.class.php 第 32 行.
NOTIC: [8] Undefined index: REQUEST_URI C:\phpstudy_pro\WWW\thinkphp\ThinkPHP\Library\Think\Dispatcher.class.php 第 141 行.
NOTIC: [2] Use of undefined constant _PHP_FILE_ - assumed '_PHP_FILE_' (this will throw an Error in a future version of PHP) C:\phpstudy_pro\WWW\thinkphp\ThinkPHP\Library\Think\Dispatcher.class.php 第 208 行.
INFO: [ app_begin ] --START--
INFO: Run Behavior\ReadHtmlCacheBehavior [ RunTime:0.002071s ]
INFO: [ app_begin ] --END-- [ RunTime:0.002179s ]
INFO: [ app_end ] --START--
INFO: Run Behavior\ShowPageTraceBehavior [ RunTime:0.001374s ]
INFO: [ app_end ] --END-- [ RunTime:0.001461s ]

[ 2020-02-29T12:12:04+08:00 ]  
INFO: [ app_init ] --START--
INFO: Run Behavior\BuildLiteBehavior [ RunTime:0.000012s ]
INFO: [ app_init ] --END-- [ RunTime:0.000551s ]
NOTIC: [8] Undefined index: REQUEST_METHOD C:\phpstudy_pro\WWW\thinkphp\ThinkPHP\Library\Think\App.class.php 第 32 行.
NOTIC: [8] Undefined index: REQUEST_URI C:\phpstudy_pro\WWW\thinkphp\ThinkPHP\Library\Think\Dispatcher.class.php 第 141 行.
NOTIC: [2] Use of undefined constant _PHP_FILE_ - assumed '_PHP_FILE_' (this will throw an Error in a future version of PHP) C:\phpstudy_pro\WWW\thinkphp\ThinkPHP\Library\Think\Dispatcher.class.php 第 208 行.
INFO: [ app_begin ] --START--
INFO: Run Behavior\ReadHtmlCacheBehavior [ RunTime:0.000917s ]
INFO: [ app_begin ] --END-- [ RunTime:0.000956s ]
INFO: [ app_end ] --START--
INFO: Run Behavior\ShowPageTraceBehavior [ RunTime:0.001281s ]
INFO: [ app_end ] --END-- [ RunTime:0.001347s ]

[ 2020-02-29T12:12:05+08:00 ]  
INFO: [ app_init ] --START--
INFO: Run Behavior\BuildLiteBehavior [ RunTime:0.000011s ]
INFO: [ app_init ] --END-- [ RunTime:0.000613s ]
NOTIC: [8] Undefined index: REQUEST_METHOD C:\phpstudy_pro\WWW\thinkphp\ThinkPHP\Library\Think\App.class.php 第 32 行.
NOTIC: [8] Undefined index: REQUEST_URI C:\phpstudy_pro\WWW\thinkphp\ThinkPHP\Library\Think\Dispatcher.class.php 第 141 行.
NOTIC: [2] Use of undefined constant _PHP_FILE_ - assumed '_PHP_FILE_' (this will throw an Error in a future version of PHP) C:\phpstudy_pro\WWW\thinkphp\ThinkPHP\Library\Think\Dispatcher.class.php 第 208 行.
INFO: [ app_begin ] --START--
INFO: Run Behavior\ReadHtmlCacheBehavior [ RunTime:0.000907s ]
INFO: [ app_begin ] --END-- [ RunTime:0.000942s ]
INFO: [ app_end ] --START--
INFO: Run Behavior\ShowPageTraceBehavior [ RunTime:0.001342s ]
INFO: [ app_end ] --END-- [ RunTime:0.001404s ]

[ 2020-02-29T12:12:07+08:00 ]  
INFO: [ app_init ] --START--
INFO: Run Behavior\BuildLiteBehavior [ RunTime:0.000016s ]
INFO: [ app_init ] --END-- [ RunTime:0.002292s ]
NOTIC: [8] Undefined index: REQUEST_METHOD C:\phpstudy_pro\WWW\thinkphp\ThinkPHP\Library\Think\App.class.php 第 32 行.
NOTIC: [8] Undefined index: REQUEST_URI C:\phpstudy_pro\WWW\thinkphp\ThinkPHP\Library\Think\Dispatcher.class.php 第 141 行.
NOTIC: [2] Use of undefined constant _PHP_FILE_ - assumed '_PHP_FILE_' (this will throw an Error in a future version of PHP) C:\phpstudy_pro\WWW\thinkphp\ThinkPHP\Library\Think\Dispatcher.class.php 第 208 行.
INFO: [ app_begin ] --START--
INFO: Run Behavior\ReadHtmlCacheBehavior [ RunTime:0.001343s ]
INFO: [ app_begin ] --END-- [ RunTime:0.001399s ]
INFO: [ app_end ] --START--
INFO: Run Behavior\ShowPageTraceBehavior [ RunTime:0.001321s ]
INFO: [ app_end ] --END-- [ RunTime:0.001396s ]

[ 2020-02-29T12:12:09+08:00 ]  
INFO: [ app_init ] --START--
INFO: Run Behavior\BuildLiteBehavior [ RunTime:0.000019s ]
INFO: [ app_init ] --END-- [ RunTime:0.001197s ]
NOTIC: [8] Undefined index: REQUEST_METHOD C:\phpstudy_pro\WWW\thinkphp\ThinkPHP\Library\Think\App.class.php 第 32 行.
NOTIC: [8] Undefined index: REQUEST_URI C:\phpstudy_pro\WWW\thinkphp\ThinkPHP\Library\Think\Dispatcher.class.php 第 141 行.
NOTIC: [2] Use of undefined constant _PHP_FILE_ - assumed '_PHP_FILE_' (this will throw an Error in a future version of PHP) C:\phpstudy_pro\WWW\thinkphp\ThinkPHP\Library\Think\Dispatcher.class.php 第 208 行.
INFO: [ app_begin ] --START--
INFO: Run Behavior\ReadHtmlCacheBehavior [ RunTime:0.000932s ]
INFO: [ app_begin ] --END-- [ RunTime:0.000974s ]
INFO: [ app_end ] --START--
INFO: Run Behavior\ShowPageTraceBehavior [ RunTime:0.001286s ]
INFO: [ app_end ] --END-- [ RunTime:0.001350s ]

[ 2020-02-29T12:12:10+08:00 ]  
INFO: [ app_init ] --START--
INFO: Run Behavior\BuildLiteBehavior [ RunTime:0.000013s ]
INFO: [ app_init ] --END-- [ RunTime:0.000751s ]
NOTIC: [8] Undefined index: REQUEST_METHOD C:\phpstudy_pro\WWW\thinkphp\ThinkPHP\Library\Think\App.class.php 第 32 行.
NOTIC: [8] Undefined index: REQUEST_URI C:\phpstudy_pro\WWW\thinkphp\ThinkPHP\Library\Think\Dispatcher.class.php 第 141 行.
NOTIC: [2] Use of undefined constant _PHP_FILE_ - assumed '_PHP_FILE_' (this will throw an Error in a future version of PHP) C:\phpstudy_pro\WWW\thinkphp\ThinkPHP\Library\Think\Dispatcher.class.php 第 208 行.
INFO: [ app_begin ] --START--
INFO: Run Behavior\ReadHtmlCacheBehavior [ RunTime:0.000678s ]
INFO: [ app_begin ] --END-- [ RunTime:0.000705s ]
INFO: [ app_end ] --START--
INFO: Run Behavior\ShowPageTraceBehavior [ RunTime:0.001728s ]
INFO: [ app_end ] --END-- [ RunTime:0.001816s ]

[ 2020-02-29T12:12:11+08:00 ]  
INFO: [ app_init ] --START--
INFO: Run Behavior\BuildLiteBehavior [ RunTime:0.000010s ]
INFO: [ app_init ] --END-- [ RunTime:0.000589s ]
NOTIC: [8] Undefined index: REQUEST_METHOD C:\phpstudy_pro\WWW\thinkphp\ThinkPHP\Library\Think\App.class.php 第 32 行.
NOTIC: [8] Undefined index: REQUEST_URI C:\phpstudy_pro\WWW\thinkphp\ThinkPHP\Library\Think\Dispatcher.class.php 第 141 行.
NOTIC: [2] Use of undefined constant _PHP_FILE_ - assumed '_PHP_FILE_' (this will throw an Error in a future version of PHP) C:\phpstudy_pro\WWW\thinkphp\ThinkPHP\Library\Think\Dispatcher.class.php 第 208 行.
INFO: [ app_begin ] --START--
INFO: Run Behavior\ReadHtmlCacheBehavior [ RunTime:0.000665s ]
INFO: [ app_begin ] --END-- [ RunTime:0.000689s ]
INFO: [ app_end ] --START--
INFO: Run Behavior\ShowPageTraceBehavior [ RunTime:0.001529s ]
INFO: [ app_end ] --END-- [ RunTime:0.001598s ]

[ 2020-02-29T12:12:13+08:00 ]  
INFO: [ app_init ] --START--
INFO: Run Behavior\BuildLiteBehavior [ RunTime:0.000011s ]
INFO: [ app_init ] --END-- [ RunTime:0.000574s ]
NOTIC: [8] Undefined index: REQUEST_METHOD C:\phpstudy_pro\WWW\thinkphp\ThinkPHP\Library\Think\App.class.php 第 32 行.
NOTIC: [8] Undefined index: REQUEST_URI C:\phpstudy_pro\WWW\thinkphp\ThinkPHP\Library\Think\Dispatcher.class.php 第 141 行.
NOTIC: [2] Use of undefined constant _PHP_FILE_ - assumed '_PHP_FILE_' (this will throw an Error in a future version of PHP) C:\phpstudy_pro\WWW\thinkphp\ThinkPHP\Library\Think\Dispatcher.class.php 第 208 行.
INFO: [ app_begin ] --START--
INFO: Run Behavior\ReadHtmlCacheBehavior [ RunTime:0.000626s ]
INFO: [ app_begin ] --END-- [ RunTime:0.000650s ]
INFO: [ app_end ] --START--
INFO: Run Behavior\ShowPageTraceBehavior [ RunTime:0.001352s ]
INFO: [ app_end ] --END-- [ RunTime:0.001422s ]

[ 2020-02-29T12:12:15+08:00 ]  
INFO: [ app_init ] --START--
INFO: Run Behavior\BuildLiteBehavior [ RunTime:0.000016s ]
INFO: [ app_init ] --END-- [ RunTime:0.001030s ]
NOTIC: [8] Undefined index: REQUEST_METHOD C:\phpstudy_pro\WWW\thinkphp\ThinkPHP\Library\Think\App.class.php 第 32 行.
NOTIC: [8] Undefined index: REQUEST_URI C:\phpstudy_pro\WWW\thinkphp\ThinkPHP\Library\Think\Dispatcher.class.php 第 141 行.
NOTIC: [2] Use of undefined constant _PHP_FILE_ - assumed '_PHP_FILE_' (this will throw an Error in a future version of PHP) C:\phpstudy_pro\WWW\thinkphp\ThinkPHP\Library\Think\Dispatcher.class.php 第 208 行.
INFO: [ app_begin ] --START--
INFO: Run Behavior\ReadHtmlCacheBehavior [ RunTime:0.001075s ]
INFO: [ app_begin ] --END-- [ RunTime:0.001120s ]
INFO: [ app_end ] --START--
INFO: Run Behavior\ShowPageTraceBehavior [ RunTime:0.001395s ]
INFO: [ app_end ] --END-- [ RunTime:0.001458s ]

[ 2020-02-29T12:12:16+08:00 ]  
INFO: [ app_init ] --START--
INFO: Run Behavior\BuildLiteBehavior [ RunTime:0.000017s ]
INFO: [ app_init ] --END-- [ RunTime:0.001333s ]
NOTIC: [8] Undefined index: REQUEST_METHOD C:\phpstudy_pro\WWW\thinkphp\ThinkPHP\Library\Think\App.class.php 第 32 行.
NOTIC: [8] Undefined index: REQUEST_URI C:\phpstudy_pro\WWW\thinkphp\ThinkPHP\Library\Think\Dispatcher.class.php 第 141 行.
NOTIC: [2] Use of undefined constant _PHP_FILE_ - assumed '_PHP_FILE_' (this will throw an Error in a future version of PHP) C:\phpstudy_pro\WWW\thinkphp\ThinkPHP\Library\Think\Dispatcher.class.php 第 208 行.
INFO: [ app_begin ] --START--
INFO: Run Behavior\ReadHtmlCacheBehavior [ RunTime:0.001215s ]
INFO: [ app_begin ] --END-- [ RunTime:0.001283s ]
INFO: [ app_end ] --START--
INFO: Run Behavior\ShowPageTraceBehavior [ RunTime:0.001423s ]
INFO: [ app_end ] --END-- [ RunTime:0.001488s ]

[ 2020-02-29T12:12:18+08:00 ]  
INFO: [ app_init ] --START--
INFO: Run Behavior\BuildLiteBehavior [ RunTime:0.000013s ]
INFO: [ app_init ] --END-- [ RunTime:0.000676s ]
NOTIC: [8] Undefined index: REQUEST_METHOD C:\phpstudy_pro\WWW\thinkphp\ThinkPHP\Library\Think\App.class.php 第 32 行.
NOTIC: [8] Undefined index: REQUEST_URI C:\phpstudy_pro\WWW\thinkphp\ThinkPHP\Library\Think\Dispatcher.class.php 第 141 行.
NOTIC: [2] Use of undefined constant _PHP_FILE_ - assumed '_PHP_FILE_' (this will throw an Error in a future version of PHP) C:\phpstudy_pro\WWW\thinkphp\ThinkPHP\Library\Think\Dispatcher.class.php 第 208 行.
INFO: [ app_begin ] --START--
INFO: Run Behavior\ReadHtmlCacheBehavior [ RunTime:0.000807s ]
INFO: [ app_begin ] --END-- [ RunTime:0.000839s ]
INFO: [ app_end ] --START--
INFO: Run Behavior\ShowPageTraceBehavior [ RunTime:0.002009s ]
INFO: [ app_end ] --END-- [ RunTime:0.002070s ]

[ 2020-02-29T12:12:19+08:00 ]  
INFO: [ app_init ] --START--
INFO: Run Behavior\BuildLiteBehavior [ RunTime:0.000012s ]
INFO: [ app_init ] --END-- [ RunTime:0.000627s ]
NOTIC: [8] Undefined index: REQUEST_METHOD C:\phpstudy_pro\WWW\thinkphp\ThinkPHP\Library\Think\App.class.php 第 32 行.
NOTIC: [8] Undefined index: REQUEST_URI C:\phpstudy_pro\WWW\thinkphp\ThinkPHP\Library\Think\Dispatcher.class.php 第 141 行.
NOTIC: [2] Use of undefined constant _PHP_FILE_ - assumed '_PHP_FILE_' (this will throw an Error in a future version of PHP) C:\phpstudy_pro\WWW\thinkphp\ThinkPHP\Library\Think\Dispatcher.class.php 第 208 行.
INFO: [ app_begin ] --START--
INFO: Run Behavior\ReadHtmlCacheBehavior [ RunTime:0.000733s ]
INFO: [ app_begin ] --END-- [ RunTime:0.000771s ]
INFO: [ app_end ] --START--
INFO: Run Behavior\ShowPageTraceBehavior [ RunTime:0.001416s ]
INFO: [ app_end ] --END-- [ RunTime:0.001487s ]

[ 2020-02-29T12:12:20+08:00 ]  
INFO: [ app_init ] --START--
INFO: Run Behavior\BuildLiteBehavior [ RunTime:0.000009s ]
INFO: [ app_init ] --END-- [ RunTime:0.000502s ]
NOTIC: [8] Undefined index: REQUEST_METHOD C:\phpstudy_pro\WWW\thinkphp\ThinkPHP\Library\Think\App.class.php 第 32 行.
NOTIC: [8] Undefined index: REQUEST_URI C:\phpstudy_pro\WWW\thinkphp\ThinkPHP\Library\Think\Dispatcher.class.php 第 141 行.
NOTIC: [2] Use of undefined constant _PHP_FILE_ - assumed '_PHP_FILE_' (this will throw an Error in a future version of PHP) C:\phpstudy_pro\WWW\thinkphp\ThinkPHP\Library\Think\Dispatcher.class.php 第 208 行.
INFO: [ app_begin ] --START--
INFO: Run Behavior\ReadHtmlCacheBehavior [ RunTime:0.000611s ]
INFO: [ app_begin ] --END-- [ RunTime:0.000636s ]
INFO: [ app_end ] --START--
INFO: Run Behavior\ShowPageTraceBehavior [ RunTime:0.001443s ]
INFO: [ app_end ] --END-- [ RunTime:0.001508s ]

[ 2020-02-29T12:12:21+08:00 ]  
INFO: [ app_init ] --START--
INFO: Run Behavior\BuildLiteBehavior [ RunTime:0.000011s ]
INFO: [ app_init ] --END-- [ RunTime:0.000613s ]
NOTIC: [8] Undefined index: REQUEST_METHOD C:\phpstudy_pro\WWW\thinkphp\ThinkPHP\Library\Think\App.class.php 第 32 行.
NOTIC: [8] Undefined index: REQUEST_URI C:\phpstudy_pro\WWW\thinkphp\ThinkPHP\Library\Think\Dispatcher.class.php 第 141 行.
NOTIC: [2] Use of undefined constant _PHP_FILE_ - assumed '_PHP_FILE_' (this will throw an Error in a future version of PHP) C:\phpstudy_pro\WWW\thinkphp\ThinkPHP\Library\Think\Dispatcher.class.php 第 208 行.
INFO: [ app_begin ] --START--
INFO: Run Behavior\ReadHtmlCacheBehavior [ RunTime:0.000619s ]
INFO: [ app_begin ] --END-- [ RunTime:0.000649s ]
INFO: [ app_end ] --START--
INFO: Run Behavior\ShowPageTraceBehavior [ RunTime:0.001349s ]
INFO: [ app_end ] --END-- [ RunTime:0.001412s ]

[ 2020-02-29T12:12:26+08:00 ]  
INFO: [ app_init ] --START--
INFO: Run Behavior\BuildLiteBehavior [ RunTime:0.000022s ]
INFO: [ app_init ] --END-- [ RunTime:0.000592s ]
NOTIC: [8] Undefined index: REQUEST_METHOD C:\phpstudy_pro\WWW\thinkphp\ThinkPHP\Library\Think\App.class.php 第 32 行.
NOTIC: [8] Undefined index: REQUEST_URI C:\phpstudy_pro\WWW\thinkphp\ThinkPHP\Library\Think\Dispatcher.class.php 第 141 行.
NOTIC: [2] Use of undefined constant _PHP_FILE_ - assumed '_PHP_FILE_' (this will throw an Error in a future version of PHP) C:\phpstudy_pro\WWW\thinkphp\ThinkPHP\Library\Think\Dispatcher.class.php 第 208 行.
INFO: [ app_begin ] --START--
INFO: Run Behavior\ReadHtmlCacheBehavior [ RunTime:0.000785s ]
INFO: [ app_begin ] --END-- [ RunTime:0.000817s ]
INFO: [ app_end ] --START--
INFO: Run Behavior\ShowPageTraceBehavior [ RunTime:0.001570s ]
INFO: [ app_end ] --END-- [ RunTime:0.001639s ]

[ 2020-02-29T12:12:30+08:00 ]  
INFO: [ app_init ] --START--
INFO: Run Behavior\BuildLiteBehavior [ RunTime:0.000043s ]
INFO: [ app_init ] --END-- [ RunTime:0.002662s ]
NOTIC: [8] Undefined index: REQUEST_METHOD C:\phpstudy_pro\WWW\thinkphp\ThinkPHP\Library\Think\App.class.php 第 32 行.
NOTIC: [8] Undefined index: REQUEST_URI C:\phpstudy_pro\WWW\thinkphp\ThinkPHP\Library\Think\Dispatcher.class.php 第 141 行.
NOTIC: [2] Use of undefined constant _PHP_FILE_ - assumed '_PHP_FILE_' (this will throw an Error in a future version of PHP) C:\phpstudy_pro\WWW\thinkphp\ThinkPHP\Library\Think\Dispatcher.class.php 第 208 行.
INFO: [ app_begin ] --START--
INFO: Run Behavior\ReadHtmlCacheBehavior [ RunTime:0.000825s ]
INFO: [ app_begin ] --END-- [ RunTime:0.000858s ]
INFO: [ app_end ] --START--
INFO: Run Behavior\ShowPageTraceBehavior [ RunTime:0.001124s ]
INFO: [ app_end ] --END-- [ RunTime:0.001184s ]

[ 2020-02-29T12:12:31+08:00 ]  
INFO: [ app_init ] --START--
INFO: Run Behavior\BuildLiteBehavior [ RunTime:0.000010s ]
INFO: [ app_init ] --END-- [ RunTime:0.000529s ]
NOTIC: [8] Undefined index: REQUEST_METHOD C:\phpstudy_pro\WWW\thinkphp\ThinkPHP\Library\Think\App.class.php 第 32 行.
NOTIC: [8] Undefined index: REQUEST_URI C:\phpstudy_pro\WWW\thinkphp\ThinkPHP\Library\Think\Dispatcher.class.php 第 141 行.
NOTIC: [2] Use of undefined constant _PHP_FILE_ - assumed '_PHP_FILE_' (this will throw an Error in a future version of PHP) C:\phpstudy_pro\WWW\thinkphp\ThinkPHP\Library\Think\Dispatcher.class.php 第 208 行.
INFO: [ app_begin ] --START--
INFO: Run Behavior\ReadHtmlCacheBehavior [ RunTime:0.000888s ]
INFO: [ app_begin ] --END-- [ RunTime:0.000928s ]
INFO: [ app_end ] --START--
INFO: Run Behavior\ShowPageTraceBehavior [ RunTime:0.001549s ]
INFO: [ app_end ] --END-- [ RunTime:0.001627s ]

[ 2020-02-29T12:12:32+08:00 ]  
INFO: [ app_init ] --START--
INFO: Run Behavior\BuildLiteBehavior [ RunTime:0.000013s ]
INFO: [ app_init ] --END-- [ RunTime:0.000690s ]
NOTIC: [8] Undefined index: REQUEST_METHOD C:\phpstudy_pro\WWW\thinkphp\ThinkPHP\Library\Think\App.class.php 第 32 行.
NOTIC: [8] Undefined index: REQUEST_URI C:\phpstudy_pro\WWW\thinkphp\ThinkPHP\Library\Think\Dispatcher.class.php 第 141 行.
NOTIC: [2] Use of undefined constant _PHP_FILE_ - assumed '_PHP_FILE_' (this will throw an Error in a future version of PHP) C:\phpstudy_pro\WWW\thinkphp\ThinkPHP\Library\Think\Dispatcher.class.php 第 208 行.
INFO: [ app_begin ] --START--
INFO: Run Behavior\ReadHtmlCacheBehavior [ RunTime:0.000931s ]
INFO: [ app_begin ] --END-- [ RunTime:0.000970s ]
INFO: [ app_end ] --START--
INFO: Run Behavior\ShowPageTraceBehavior [ RunTime:0.001516s ]
INFO: [ app_end ] --END-- [ RunTime:0.001586s ]

[ 2020-02-29T12:12:33+08:00 ]  
INFO: [ app_init ] --START--
INFO: Run Behavior\BuildLiteBehavior [ RunTime:0.000009s ]
INFO: [ app_init ] --END-- [ RunTime:0.000512s ]
NOTIC: [8] Undefined index: REQUEST_METHOD C:\phpstudy_pro\WWW\thinkphp\ThinkPHP\Library\Think\App.class.php 第 32 行.
NOTIC: [8] Undefined index: REQUEST_URI C:\phpstudy_pro\WWW\thinkphp\ThinkPHP\Library\Think\Dispatcher.class.php 第 141 行.
NOTIC: [2] Use of undefined constant _PHP_FILE_ - assumed '_PHP_FILE_' (this will throw an Error in a future version of PHP) C:\phpstudy_pro\WWW\thinkphp\ThinkPHP\Library\Think\Dispatcher.class.php 第 208 行.
INFO: [ app_begin ] --START--
INFO: Run Behavior\ReadHtmlCacheBehavior [ RunTime:0.000917s ]
INFO: [ app_begin ] --END-- [ RunTime:0.000958s ]
INFO: [ app_end ] --START--
INFO: Run Behavior\ShowPageTraceBehavior [ RunTime:0.001452s ]
INFO: [ app_end ] --END-- [ RunTime:0.001520s ]

[ 2020-02-29T12:12:37+08:00 ]  
INFO: [ app_init ] --START--
INFO: Run Behavior\BuildLiteBehavior [ RunTime:0.000009s ]
INFO: [ app_init ] --END-- [ RunTime:0.000478s ]
NOTIC: [8] Undefined index: REQUEST_METHOD C:\phpstudy_pro\WWW\thinkphp\ThinkPHP\Library\Think\App.class.php 第 32 行.
NOTIC: [8] Undefined index: REQUEST_URI C:\phpstudy_pro\WWW\thinkphp\ThinkPHP\Library\Think\Dispatcher.class.php 第 141 行.
NOTIC: [2] Use of undefined constant _PHP_FILE_ - assumed '_PHP_FILE_' (this will throw an Error in a future version of PHP) C:\phpstudy_pro\WWW\thinkphp\ThinkPHP\Library\Think\Dispatcher.class.php 第 208 行.
INFO: [ app_begin ] --START--
INFO: Run Behavior\ReadHtmlCacheBehavior [ RunTime:0.000618s ]
INFO: [ app_begin ] --END-- [ RunTime:0.000642s ]
INFO: [ app_end ] --START--
INFO: Run Behavior\ShowPageTraceBehavior [ RunTime:0.001553s ]
INFO: [ app_end ] --END-- [ RunTime:0.001614s ]

[ 2020-02-29T12:12:42+08:00 ]  
INFO: [ app_init ] --START--
INFO: Run Behavior\BuildLiteBehavior [ RunTime:0.000057s ]
INFO: [ app_init ] --END-- [ RunTime:0.004666s ]
NOTIC: [8] Undefined index: REQUEST_METHOD C:\phpstudy_pro\WWW\thinkphp\ThinkPHP\Library\Think\App.class.php 第 32 行.
NOTIC: [8] Undefined index: REQUEST_URI C:\phpstudy_pro\WWW\thinkphp\ThinkPHP\Library\Think\Dispatcher.class.php 第 141 行.
NOTIC: [2] Use of undefined constant _PHP_FILE_ - assumed '_PHP_FILE_' (this will throw an Error in a future version of PHP) C:\phpstudy_pro\WWW\thinkphp\ThinkPHP\Library\Think\Dispatcher.class.php 第 208 行.
INFO: [ app_begin ] --START--
INFO: Run Behavior\ReadHtmlCacheBehavior [ RunTime:0.001053s ]
INFO: [ app_begin ] --END-- [ RunTime:0.001106s ]
INFO: [ app_end ] --START--
INFO: Run Behavior\ShowPageTraceBehavior [ RunTime:0.001256s ]
INFO: [ app_end ] --END-- [ RunTime:0.001328s ]

[ 2020-02-29T12:12:47+08:00 ]  
INFO: [ app_init ] --START--
INFO: Run Behavior\BuildLiteBehavior [ RunTime:0.000014s ]
INFO: [ app_init ] --END-- [ RunTime:0.001097s ]
NOTIC: [8] Undefined index: REQUEST_METHOD C:\phpstudy_pro\WWW\thinkphp\ThinkPHP\Library\Think\App.class.php 第 32 行.
NOTIC: [8] Undefined index: REQUEST_URI C:\phpstudy_pro\WWW\thinkphp\ThinkPHP\Library\Think\Dispatcher.class.php 第 141 行.
NOTIC: [2] Use of undefined constant _PHP_FILE_ - assumed '_PHP_FILE_' (this will throw an Error in a future version of PHP) C:\phpstudy_pro\WWW\thinkphp\ThinkPHP\Library\Think\Dispatcher.class.php 第 208 行.
INFO: [ app_begin ] --START--
INFO: Run Behavior\ReadHtmlCacheBehavior [ RunTime:0.000674s ]
INFO: [ app_begin ] --END-- [ RunTime:0.000699s ]
INFO: [ app_end ] --START--
INFO: Run Behavior\ShowPageTraceBehavior [ RunTime:0.001503s ]
INFO: [ app_end ] --END-- [ RunTime:0.001561s ]

[ 2020-02-29T12:12:48+08:00 ]  
INFO: [ app_init ] --START--
INFO: Run Behavior\BuildLiteBehavior [ RunTime:0.000013s ]
INFO: [ app_init ] --END-- [ RunTime:0.000677s ]
NOTIC: [8] Undefined index: REQUEST_METHOD C:\phpstudy_pro\WWW\thinkphp\ThinkPHP\Library\Think\App.class.php 第 32 行.
NOTIC: [8] Undefined index: REQUEST_URI C:\phpstudy_pro\WWW\thinkphp\ThinkPHP\Library\Think\Dispatcher.class.php 第 141 行.
NOTIC: [2] Use of undefined constant _PHP_FILE_ - assumed '_PHP_FILE_' (this will throw an Error in a future version of PHP) C:\phpstudy_pro\WWW\thinkphp\ThinkPHP\Library\Think\Dispatcher.class.php 第 208 行.
INFO: [ app_begin ] --START--
INFO: Run Behavior\ReadHtmlCacheBehavior [ RunTime:0.000815s ]
INFO: [ app_begin ] --END-- [ RunTime:0.000846s ]
INFO: [ app_end ] --START--
INFO: Run Behavior\ShowPageTraceBehavior [ RunTime:0.001213s ]
INFO: [ app_end ] --END-- [ RunTime:0.001274s ]

[ 2020-02-29T12:12:49+08:00 ]  
INFO: [ app_init ] --START--
INFO: Run Behavior\BuildLiteBehavior [ RunTime:0.000014s ]
INFO: [ app_init ] --END-- [ RunTime:0.000665s ]
NOTIC: [8] Undefined index: REQUEST_METHOD C:\phpstudy_pro\WWW\thinkphp\ThinkPHP\Library\Think\App.class.php 第 32 行.
NOTIC: [8] Undefined index: REQUEST_URI C:\phpstudy_pro\WWW\thinkphp\ThinkPHP\Library\Think\Dispatcher.class.php 第 141 行.
NOTIC: [2] Use of undefined constant _PHP_FILE_ - assumed '_PHP_FILE_' (this will throw an Error in a future version of PHP) C:\phpstudy_pro\WWW\thinkphp\ThinkPHP\Library\Think\Dispatcher.class.php 第 208 行.
INFO: [ app_begin ] --START--
INFO: Run Behavior\ReadHtmlCacheBehavior [ RunTime:0.000789s ]
INFO: [ app_begin ] --END-- [ RunTime:0.000817s ]
INFO: [ app_end ] --START--
INFO: Run Behavior\ShowPageTraceBehavior [ RunTime:0.001442s ]
INFO: [ app_end ] --END-- [ RunTime:0.001536s ]

[ 2020-02-29T12:13:50+08:00 ]  
INFO: [ app_init ] --START--
INFO: Run Behavior\BuildLiteBehavior [ RunTime:0.000011s ]
INFO: [ app_init ] --END-- [ RunTime:0.000597s ]
NOTIC: [8] Undefined index: REQUEST_METHOD C:\phpstudy_pro\WWW\thinkphp\ThinkPHP\Library\Think\App.class.php 第 32 行.
NOTIC: [8] Undefined index: REQUEST_URI C:\phpstudy_pro\WWW\thinkphp\ThinkPHP\Library\Think\Dispatcher.class.php 第 141 行.
NOTIC: [2] Use of undefined constant _PHP_FILE_ - assumed '_PHP_FILE_' (this will throw an Error in a future version of PHP) C:\phpstudy_pro\WWW\thinkphp\ThinkPHP\Library\Think\Dispatcher.class.php 第 208 行.
INFO: [ app_begin ] --START--
INFO: Run Behavior\ReadHtmlCacheBehavior [ RunTime:0.000835s ]
INFO: [ app_begin ] --END-- [ RunTime:0.000867s ]
NOTIC: [2] curl_close() expects parameter 1 to be resource, string given C:\phpstudy_pro\WWW\thinkphp\Application\Home\Controller\IndexController.class.php 第 56 行.
NOTIC: [8] Array to string conversion C:\phpstudy_pro\WWW\thinkphp\Application\Home\Controller\IndexController.class.php 第 59 行.
INFO: [ app_end ] --START--
INFO: Run Behavior\ShowPageTraceBehavior [ RunTime:0.001146s ]
INFO: [ app_end ] --END-- [ RunTime:0.001202s ]

[ 2020-02-29T12:14:08+08:00 ]  
INFO: [ app_init ] --START--
INFO: Run Behavior\BuildLiteBehavior [ RunTime:0.000009s ]
INFO: [ app_init ] --END-- [ RunTime:0.000660s ]
NOTIC: [8] Undefined index: REQUEST_METHOD C:\phpstudy_pro\WWW\thinkphp\ThinkPHP\Library\Think\App.class.php 第 32 行.
NOTIC: [8] Undefined index: REQUEST_URI C:\phpstudy_pro\WWW\thinkphp\ThinkPHP\Library\Think\Dispatcher.class.php 第 141 行.
NOTIC: [2] Use of undefined constant _PHP_FILE_ - assumed '_PHP_FILE_' (this will throw an Error in a future version of PHP) C:\phpstudy_pro\WWW\thinkphp\ThinkPHP\Library\Think\Dispatcher.class.php 第 208 行.
INFO: [ app_begin ] --START--
INFO: Run Behavior\ReadHtmlCacheBehavior [ RunTime:0.001033s ]
INFO: [ app_begin ] --END-- [ RunTime:0.001079s ]
NOTIC: [2] curl_close() expects parameter 1 to be resource, string given C:\phpstudy_pro\WWW\thinkphp\Application\Home\Controller\IndexController.class.php 第 56 行.
INFO: [ app_end ] --START--
INFO: Run Behavior\ShowPageTraceBehavior [ RunTime:0.001033s ]
INFO: [ app_end ] --END-- [ RunTime:0.001075s ]

[ 2020-02-29T12:15:31+08:00 ]  
INFO: [ app_init ] --START--
INFO: Run Behavior\BuildLiteBehavior [ RunTime:0.000013s ]
INFO: [ app_init ] --END-- [ RunTime:0.000833s ]
NOTIC: [8] Undefined index: REQUEST_METHOD C:\phpstudy_pro\WWW\thinkphp\ThinkPHP\Library\Think\App.class.php 第 32 行.
NOTIC: [8] Undefined index: REQUEST_URI C:\phpstudy_pro\WWW\thinkphp\ThinkPHP\Library\Think\Dispatcher.class.php 第 141 行.
NOTIC: [2] Use of undefined constant _PHP_FILE_ - assumed '_PHP_FILE_' (this will throw an Error in a future version of PHP) C:\phpstudy_pro\WWW\thinkphp\ThinkPHP\Library\Think\Dispatcher.class.php 第 208 行.
INFO: [ app_begin ] --START--
INFO: Run Behavior\ReadHtmlCacheBehavior [ RunTime:0.000797s ]
INFO: [ app_begin ] --END-- [ RunTime:0.000830s ]
NOTIC: [2] curl_close() expects parameter 1 to be resource, string given C:\phpstudy_pro\WWW\thinkphp\Application\Home\Controller\IndexController.class.php 第 56 行.
INFO: [ app_end ] --START--
INFO: Run Behavior\ShowPageTraceBehavior [ RunTime:0.001163s ]
INFO: [ app_end ] --END-- [ RunTime:0.001219s ]

[ 2020-02-29T12:15:41+08:00 ]  
INFO: [ app_init ] --START--
INFO: Run Behavior\BuildLiteBehavior [ RunTime:0.000009s ]
INFO: [ app_init ] --END-- [ RunTime:0.000488s ]
NOTIC: [8] Undefined index: REQUEST_METHOD C:\phpstudy_pro\WWW\thinkphp\ThinkPHP\Library\Think\App.class.php 第 32 行.
NOTIC: [8] Undefined index: REQUEST_URI C:\phpstudy_pro\WWW\thinkphp\ThinkPHP\Library\Think\Dispatcher.class.php 第 141 行.
NOTIC: [2] Use of undefined constant _PHP_FILE_ - assumed '_PHP_FILE_' (this will throw an Error in a future version of PHP) C:\phpstudy_pro\WWW\thinkphp\ThinkPHP\Library\Think\Dispatcher.class.php 第 208 行.
INFO: [ app_begin ] --START--
INFO: Run Behavior\ReadHtmlCacheBehavior [ RunTime:0.000599s ]
INFO: [ app_begin ] --END-- [ RunTime:0.000622s ]
NOTIC: [2] curl_close() expects parameter 1 to be resource, string given C:\phpstudy_pro\WWW\thinkphp\Application\Home\Controller\IndexController.class.php 第 56 行.
INFO: [ app_end ] --START--
INFO: Run Behavior\ShowPageTraceBehavior [ RunTime:0.001115s ]
INFO: [ app_end ] --END-- [ RunTime:0.001173s ]

[ 2020-02-29T12:15:49+08:00 ]  
INFO: [ app_init ] --START--
INFO: Run Behavior\BuildLiteBehavior [ RunTime:0.000010s ]
INFO: [ app_init ] --END-- [ RunTime:0.000573s ]
NOTIC: [8] Undefined index: REQUEST_METHOD C:\phpstudy_pro\WWW\thinkphp\ThinkPHP\Library\Think\App.class.php 第 32 行.
NOTIC: [8] Undefined index: REQUEST_URI C:\phpstudy_pro\WWW\thinkphp\ThinkPHP\Library\Think\Dispatcher.class.php 第 141 行.
NOTIC: [2] Use of undefined constant _PHP_FILE_ - assumed '_PHP_FILE_' (this will throw an Error in a future version of PHP) C:\phpstudy_pro\WWW\thinkphp\ThinkPHP\Library\Think\Dispatcher.class.php 第 208 行.
INFO: [ app_begin ] --START--
INFO: Run Behavior\ReadHtmlCacheBehavior [ RunTime:0.000619s ]
INFO: [ app_begin ] --END-- [ RunTime:0.000641s ]
NOTIC: [2] curl_close() expects parameter 1 to be resource, string given C:\phpstudy_pro\WWW\thinkphp\Application\Home\Controller\IndexController.class.php 第 56 行.
INFO: [ app_end ] --START--
INFO: Run Behavior\ShowPageTraceBehavior [ RunTime:0.001099s ]
INFO: [ app_end ] --END-- [ RunTime:0.001169s ]

[ 2020-02-29T12:16:00+08:00 ]  
INFO: [ app_init ] --START--
INFO: Run Behavior\BuildLiteBehavior [ RunTime:0.000012s ]
INFO: [ app_init ] --END-- [ RunTime:0.000616s ]
NOTIC: [8] Undefined index: REQUEST_METHOD C:\phpstudy_pro\WWW\thinkphp\ThinkPHP\Library\Think\App.class.php 第 32 行.
NOTIC: [8] Undefined index: REQUEST_URI C:\phpstudy_pro\WWW\thinkphp\ThinkPHP\Library\Think\Dispatcher.class.php 第 141 行.
NOTIC: [2] Use of undefined constant _PHP_FILE_ - assumed '_PHP_FILE_' (this will throw an Error in a future version of PHP) C:\phpstudy_pro\WWW\thinkphp\ThinkPHP\Library\Think\Dispatcher.class.php 第 208 行.
INFO: [ app_begin ] --START--
INFO: Run Behavior\ReadHtmlCacheBehavior [ RunTime:0.001645s ]
INFO: [ app_begin ] --END-- [ RunTime:0.001766s ]
NOTIC: [2] curl_close() expects parameter 1 to be resource, string given C:\phpstudy_pro\WWW\thinkphp\Application\Home\Controller\IndexController.class.php 第 56 行.
INFO: [ app_end ] --START--
INFO: Run Behavior\ShowPageTraceBehavior [ RunTime:0.001072s ]
INFO: [ app_end ] --END-- [ RunTime:0.001123s ]

[ 2020-02-29T12:16:44+08:00 ]  
INFO: [ app_init ] --START--
INFO: Run Behavior\BuildLiteBehavior [ RunTime:0.000009s ]
INFO: [ app_init ] --END-- [ RunTime:0.000483s ]
NOTIC: [8] Undefined index: REQUEST_METHOD C:\phpstudy_pro\WWW\thinkphp\ThinkPHP\Library\Think\App.class.php 第 32 行.
NOTIC: [8] Undefined index: REQUEST_URI C:\phpstudy_pro\WWW\thinkphp\ThinkPHP\Library\Think\Dispatcher.class.php 第 141 行.
NOTIC: [2] Use of undefined constant _PHP_FILE_ - assumed '_PHP_FILE_' (this will throw an Error in a future version of PHP) C:\phpstudy_pro\WWW\thinkphp\ThinkPHP\Library\Think\Dispatcher.class.php 第 208 行.
INFO: [ app_begin ] --START--
INFO: Run Behavior\ReadHtmlCacheBehavior [ RunTime:0.000780s ]
INFO: [ app_begin ] --END-- [ RunTime:0.000810s ]
NOTIC: [2] curl_close() expects parameter 1 to be resource, string given C:\phpstudy_pro\WWW\thinkphp\Application\Home\Controller\IndexController.class.php 第 56 行.
INFO: [ app_end ] --START--
INFO: Run Behavior\ShowPageTraceBehavior [ RunTime:0.001049s ]
INFO: [ app_end ] --END-- [ RunTime:0.001095s ]

[ 2020-02-29T12:23:18+08:00 ]  
INFO: [ app_init ] --START--
INFO: Run Behavior\BuildLiteBehavior [ RunTime:0.000017s ]
INFO: [ app_init ] --END-- [ RunTime:0.002891s ]
NOTIC: [8] Undefined index: REQUEST_METHOD C:\phpstudy_pro\WWW\thinkphp\ThinkPHP\Library\Think\App.class.php 第 32 行.
NOTIC: [8] Undefined index: REQUEST_URI C:\phpstudy_pro\WWW\thinkphp\ThinkPHP\Library\Think\Dispatcher.class.php 第 141 行.
NOTIC: [2] Use of undefined constant _PHP_FILE_ - assumed '_PHP_FILE_' (this will throw an Error in a future version of PHP) C:\phpstudy_pro\WWW\thinkphp\ThinkPHP\Library\Think\Dispatcher.class.php 第 208 行.
INFO: [ app_begin ] --START--
INFO: Run Behavior\ReadHtmlCacheBehavior [ RunTime:0.001202s ]
INFO: [ app_begin ] --END-- [ RunTime:0.001241s ]

[ 2020-02-29T12:25:17+08:00 ]  
INFO: [ app_init ] --START--
INFO: Run Behavior\BuildLiteBehavior [ RunTime:0.000012s ]
INFO: [ app_init ] --END-- [ RunTime:0.000627s ]
NOTIC: [8] Undefined index: REQUEST_METHOD C:\phpstudy_pro\WWW\thinkphp\ThinkPHP\Library\Think\App.class.php 第 32 行.
NOTIC: [8] Undefined index: REQUEST_URI C:\phpstudy_pro\WWW\thinkphp\ThinkPHP\Library\Think\Dispatcher.class.php 第 141 行.
NOTIC: [2] Use of undefined constant _PHP_FILE_ - assumed '_PHP_FILE_' (this will throw an Error in a future version of PHP) C:\phpstudy_pro\WWW\thinkphp\ThinkPHP\Library\Think\Dispatcher.class.php 第 208 行.
INFO: [ app_begin ] --START--
INFO: Run Behavior\ReadHtmlCacheBehavior [ RunTime:0.000785s ]
INFO: [ app_begin ] --END-- [ RunTime:0.000815s ]

[ 2020-02-29T12:29:03+08:00 ]  
INFO: [ app_init ] --START--
INFO: Run Behavior\BuildLiteBehavior [ RunTime:0.000013s ]
INFO: [ app_init ] --END-- [ RunTime:0.000671s ]
NOTIC: [8] Undefined index: REQUEST_METHOD C:\phpstudy_pro\WWW\thinkphp\ThinkPHP\Library\Think\App.class.php 第 32 行.
NOTIC: [8] Undefined index: REQUEST_URI C:\phpstudy_pro\WWW\thinkphp\ThinkPHP\Library\Think\Dispatcher.class.php 第 141 行.
NOTIC: [2] Use of undefined constant _PHP_FILE_ - assumed '_PHP_FILE_' (this will throw an Error in a future version of PHP) C:\phpstudy_pro\WWW\thinkphp\ThinkPHP\Library\Think\Dispatcher.class.php 第 208 行.
INFO: [ app_begin ] --START--
INFO: Run Behavior\ReadHtmlCacheBehavior [ RunTime:0.000822s ]
INFO: [ app_begin ] --END-- [ RunTime:0.000854s ]

[ 2020-02-29T12:39:22+08:00 ]  
INFO: [ app_init ] --START--
INFO: Run Behavior\BuildLiteBehavior [ RunTime:0.000014s ]
INFO: [ app_init ] --END-- [ RunTime:0.000964s ]
NOTIC: [8] Undefined index: REQUEST_METHOD C:\phpstudy_pro\WWW\thinkphp\ThinkPHP\Library\Think\App.class.php 第 32 行.
NOTIC: [8] Undefined index: REQUEST_URI C:\phpstudy_pro\WWW\thinkphp\ThinkPHP\Library\Think\Dispatcher.class.php 第 141 行.
NOTIC: [2] Use of undefined constant _PHP_FILE_ - assumed '_PHP_FILE_' (this will throw an Error in a future version of PHP) C:\phpstudy_pro\WWW\thinkphp\ThinkPHP\Library\Think\Dispatcher.class.php 第 208 行.
INFO: [ app_begin ] --START--
INFO: Run Behavior\ReadHtmlCacheBehavior [ RunTime:0.004658s ]
INFO: [ app_begin ] --END-- [ RunTime:0.004927s ]

[ 2020-02-29T12:40:02+08:00 ]  
INFO: [ app_init ] --START--
INFO: Run Behavior\BuildLiteBehavior [ RunTime:0.000009s ]
INFO: [ app_init ] --END-- [ RunTime:0.000496s ]
NOTIC: [8] Undefined index: REQUEST_METHOD C:\phpstudy_pro\WWW\thinkphp\ThinkPHP\Library\Think\App.class.php 第 32 行.
NOTIC: [8] Undefined index: REQUEST_URI C:\phpstudy_pro\WWW\thinkphp\ThinkPHP\Library\Think\Dispatcher.class.php 第 141 行.
NOTIC: [2] Use of undefined constant _PHP_FILE_ - assumed '_PHP_FILE_' (this will throw an Error in a future version of PHP) C:\phpstudy_pro\WWW\thinkphp\ThinkPHP\Library\Think\Dispatcher.class.php 第 208 行.
INFO: [ app_begin ] --START--
INFO: Run Behavior\ReadHtmlCacheBehavior [ RunTime:0.000610s ]
INFO: [ app_begin ] --END-- [ RunTime:0.000633s ]

[ 2020-02-29T12:40:30+08:00 ]  
INFO: [ app_init ] --START--
INFO: Run Behavior\BuildLiteBehavior [ RunTime:0.000017s ]
INFO: [ app_init ] --END-- [ RunTime:0.001719s ]
NOTIC: [8] Undefined index: REQUEST_METHOD C:\phpstudy_pro\WWW\thinkphp\ThinkPHP\Library\Think\App.class.php 第 32 行.
NOTIC: [8] Undefined index: REQUEST_URI C:\phpstudy_pro\WWW\thinkphp\ThinkPHP\Library\Think\Dispatcher.class.php 第 141 行.
NOTIC: [2] Use of undefined constant _PHP_FILE_ - assumed '_PHP_FILE_' (this will throw an Error in a future version of PHP) C:\phpstudy_pro\WWW\thinkphp\ThinkPHP\Library\Think\Dispatcher.class.php 第 208 行.
INFO: [ app_begin ] --START--
INFO: Run Behavior\ReadHtmlCacheBehavior [ RunTime:0.000654s ]
INFO: [ app_begin ] --END-- [ RunTime:0.000681s ]

[ 2020-02-29T12:40:50+08:00 ]  
INFO: [ app_init ] --START--
INFO: Run Behavior\BuildLiteBehavior [ RunTime:0.000009s ]
INFO: [ app_init ] --END-- [ RunTime:0.000478s ]
NOTIC: [8] Undefined index: REQUEST_METHOD C:\phpstudy_pro\WWW\thinkphp\ThinkPHP\Library\Think\App.class.php 第 32 行.
NOTIC: [8] Undefined index: REQUEST_URI C:\phpstudy_pro\WWW\thinkphp\ThinkPHP\Library\Think\Dispatcher.class.php 第 141 行.
NOTIC: [2] Use of undefined constant _PHP_FILE_ - assumed '_PHP_FILE_' (this will throw an Error in a future version of PHP) C:\phpstudy_pro\WWW\thinkphp\ThinkPHP\Library\Think\Dispatcher.class.php 第 208 行.
INFO: [ app_begin ] --START--
INFO: Run Behavior\ReadHtmlCacheBehavior [ RunTime:0.000597s ]
INFO: [ app_begin ] --END-- [ RunTime:0.000621s ]

[ 2020-02-29T12:42:41+08:00 ]  
INFO: [ app_init ] --START--
INFO: Run Behavior\BuildLiteBehavior [ RunTime:0.000013s ]
INFO: [ app_init ] --END-- [ RunTime:0.001056s ]
NOTIC: [8] Undefined index: REQUEST_METHOD C:\phpstudy_pro\WWW\thinkphp\ThinkPHP\Library\Think\App.class.php 第 32 行.
NOTIC: [8] Undefined index: REQUEST_URI C:\phpstudy_pro\WWW\thinkphp\ThinkPHP\Library\Think\Dispatcher.class.php 第 141 行.
NOTIC: [2] Use of undefined constant _PHP_FILE_ - assumed '_PHP_FILE_' (this will throw an Error in a future version of PHP) C:\phpstudy_pro\WWW\thinkphp\ThinkPHP\Library\Think\Dispatcher.class.php 第 208 行.
INFO: [ app_begin ] --START--
INFO: Run Behavior\ReadHtmlCacheBehavior [ RunTime:0.000735s ]
INFO: [ app_begin ] --END-- [ RunTime:0.000762s ]
INFO: [ app_end ] --START--
INFO: Run Behavior\ShowPageTraceBehavior [ RunTime:0.002267s ]
INFO: [ app_end ] --END-- [ RunTime:0.002364s ]

[ 2020-02-29T12:45:13+08:00 ]  
INFO: [ app_init ] --START--
INFO: Run Behavior\BuildLiteBehavior [ RunTime:0.000015s ]
INFO: [ app_init ] --END-- [ RunTime:0.001405s ]
NOTIC: [8] Undefined index: REQUEST_METHOD C:\phpstudy_pro\WWW\thinkphp\ThinkPHP\Library\Think\App.class.php 第 32 行.
NOTIC: [8] Undefined index: REQUEST_URI C:\phpstudy_pro\WWW\thinkphp\ThinkPHP\Library\Think\Dispatcher.class.php 第 141 行.
NOTIC: [2] Use of undefined constant _PHP_FILE_ - assumed '_PHP_FILE_' (this will throw an Error in a future version of PHP) C:\phpstudy_pro\WWW\thinkphp\ThinkPHP\Library\Think\Dispatcher.class.php 第 208 行.
INFO: [ app_begin ] --START--
INFO: Run Behavior\ReadHtmlCacheBehavior [ RunTime:0.000642s ]
INFO: [ app_begin ] --END-- [ RunTime:0.000670s ]
INFO: [ app_end ] --START--
INFO: Run Behavior\ShowPageTraceBehavior [ RunTime:0.002308s ]
INFO: [ app_end ] --END-- [ RunTime:0.002388s ]

[ 2020-02-29T12:52:28+08:00 ]  
INFO: [ app_init ] --START--
INFO: Run Behavior\BuildLiteBehavior [ RunTime:0.000012s ]
INFO: [ app_init ] --END-- [ RunTime:0.000987s ]
NOTIC: [8] Undefined index: REQUEST_METHOD C:\phpstudy_pro\WWW\thinkphp\ThinkPHP\Library\Think\App.class.php 第 32 行.
NOTIC: [8] Undefined index: REQUEST_URI C:\phpstudy_pro\WWW\thinkphp\ThinkPHP\Library\Think\Dispatcher.class.php 第 141 行.
NOTIC: [2] Use of undefined constant _PHP_FILE_ - assumed '_PHP_FILE_' (this will throw an Error in a future version of PHP) C:\phpstudy_pro\WWW\thinkphp\ThinkPHP\Library\Think\Dispatcher.class.php 第 208 行.
INFO: [ app_begin ] --START--
INFO: Run Behavior\ReadHtmlCacheBehavior [ RunTime:0.001452s ]
INFO: [ app_begin ] --END-- [ RunTime:0.001476s ]
INFO: [ app_end ] --START--
INFO: Run Behavior\ShowPageTraceBehavior [ RunTime:0.002200s ]
INFO: [ app_end ] --END-- [ RunTime:0.002258s ]

[ 2020-02-29T12:53:41+08:00 ]  
INFO: [ app_init ] --START--
INFO: Run Behavior\BuildLiteBehavior [ RunTime:0.000013s ]
INFO: [ app_init ] --END-- [ RunTime:0.000732s ]
NOTIC: [8] Undefined index: REQUEST_METHOD C:\phpstudy_pro\WWW\thinkphp\ThinkPHP\Library\Think\App.class.php 第 32 行.
NOTIC: [8] Undefined index: REQUEST_URI C:\phpstudy_pro\WWW\thinkphp\ThinkPHP\Library\Think\Dispatcher.class.php 第 141 行.
NOTIC: [2] Use of undefined constant _PHP_FILE_ - assumed '_PHP_FILE_' (this will throw an Error in a future version of PHP) C:\phpstudy_pro\WWW\thinkphp\ThinkPHP\Library\Think\Dispatcher.class.php 第 208 行.
INFO: [ app_begin ] --START--
INFO: Run Behavior\ReadHtmlCacheBehavior [ RunTime:0.001001s ]
INFO: [ app_begin ] --END-- [ RunTime:0.001067s ]
INFO: [ app_end ] --START--
INFO: Run Behavior\ShowPageTraceBehavior [ RunTime:0.001049s ]
INFO: [ app_end ] --END-- [ RunTime:0.001090s ]

[ 2020-02-29T12:53:58+08:00 ]  
INFO: [ app_init ] --START--
INFO: Run Behavior\BuildLiteBehavior [ RunTime:0.000009s ]
INFO: [ app_init ] --END-- [ RunTime:0.000480s ]
NOTIC: [8] Undefined index: REQUEST_METHOD C:\phpstudy_pro\WWW\thinkphp\ThinkPHP\Library\Think\App.class.php 第 32 行.
NOTIC: [8] Undefined index: REQUEST_URI C:\phpstudy_pro\WWW\thinkphp\ThinkPHP\Library\Think\Dispatcher.class.php 第 141 行.
NOTIC: [2] Use of undefined constant _PHP_FILE_ - assumed '_PHP_FILE_' (this will throw an Error in a future version of PHP) C:\phpstudy_pro\WWW\thinkphp\ThinkPHP\Library\Think\Dispatcher.class.php 第 208 行.
INFO: [ app_begin ] --START--
INFO: Run Behavior\ReadHtmlCacheBehavior [ RunTime:0.000609s ]
INFO: [ app_begin ] --END-- [ RunTime:0.000634s ]
INFO: [ app_end ] --START--
INFO: Run Behavior\ShowPageTraceBehavior [ RunTime:0.000905s ]
INFO: [ app_end ] --END-- [ RunTime:0.000950s ]

[ 2020-02-29T13:03:56+08:00 ]  
INFO: [ app_init ] --START--
INFO: Run Behavior\BuildLiteBehavior [ RunTime:0.000010s ]
INFO: [ app_init ] --END-- [ RunTime:0.000985s ]
NOTIC: [8] Undefined index: REQUEST_METHOD C:\phpstudy_pro\WWW\thinkphp\ThinkPHP\Library\Think\App.class.php 第 32 行.
NOTIC: [8] Undefined index: REQUEST_URI C:\phpstudy_pro\WWW\thinkphp\ThinkPHP\Library\Think\Dispatcher.class.php 第 141 行.
NOTIC: [2] Use of undefined constant _PHP_FILE_ - assumed '_PHP_FILE_' (this will throw an Error in a future version of PHP) C:\phpstudy_pro\WWW\thinkphp\ThinkPHP\Library\Think\Dispatcher.class.php 第 208 行.
INFO: [ app_begin ] --START--
INFO: Run Behavior\ReadHtmlCacheBehavior [ RunTime:0.001180s ]
INFO: [ app_begin ] --END-- [ RunTime:0.001212s ]

